#
# A fatal error has been detected by the Java Runtime Environment:
#
#  SIGSEGV (0xb) at pc=0x00002b43f2aced8b, pid=6948, tid=47573838640896
#
# JRE version: Java(TM) SE Runtime Environment (7.0_67-b01) (build 1.7.0_67-b01)
# Java VM: Java HotSpot(TM) 64-Bit Server VM (24.65-b04 mixed mode linux-amd64 compressed oops)
# Problematic frame:
# C  [_jpype.so+0x52d8b]  JPMethodOverload::ensureTypeCache() const+0x1b
#
# Failed to write core dump. Core dumps have been disabled. To enable core dumping, try "ulimit -c unlimited" before starting Java again
#
# If you would like to submit a bug report, please visit:
#   http://bugreport.sun.com/bugreport/crash.jsp
# The crash happened outside the Java Virtual Machine in native code.
# See problematic frame for where to report the bug.
#

---------------  T H R E A D  ---------------

Current thread (0x00002b44c0002000):  JavaThread "Thread-5" [_thread_in_native, id=7151, stack(0x00002b44a5a0b000,0x00002b44a5c0c000)]

siginfo:si_signo=SIGSEGV: si_errno=0, si_code=1 (SEGV_MAPERR), si_addr=0x00000000000000f8

Registers:
RAX=0x00002b44bc010dc0, RBX=0x00002b44c00048b0, RCX=0x8e38e38e38e38e39, RDX=0x8e38e38e38e38e39
RSP=0x00002b44a5c09400, RBP=0x00002b44c0004870, RSI=0x0000000002f58dc0, RDI=0x0000000000000090
R8 =0x0000000000000000, R9 =0x00002b43f2cf62d8, R10=0x0000000000000008, R11=0x0000000000000000
R12=0x00002b44c0003840, R13=0x0000000000000090, R14=0x00002b44c0003890, R15=0x0000000000000090
RIP=0x00002b43f2aced8b, EFLAGS=0x0000000000010206, CSGSFS=0x0000000000000033, ERR=0x0000000000000004
  TRAPNO=0x000000000000000e

Top of Stack: (sp=0x00002b44a5c09400)
0x00002b44a5c09400:   00002b44c0004878 0000000000000008
0x00002b44a5c09410:   00002b44c0004830 00002b44c00048b0
0x00002b44a5c09420:   00002b44c0004870 00002b44c0003840
0x00002b44a5c09430:   0000000002f58dc0 00002b44c0003890
0x00002b44a5c09440:   0000000000000090 00002b43f2acfbe9
0x00002b44a5c09450:   00002b44c0003840 00002b44c00048b0
0x00002b44a5c09460:   00002b44c0004870 00002b44c0003840
0x00002b44a5c09470:   00002b44c0004878 00002b44c0003890
0x00002b44a5c09480:   0000000002f58be0 00002b43f2ac6023
0x00002b44a5c09490:   0000000000000002 00002b44a5c094d0
0x00002b44a5c094a0:   00002b44a5c09520 0000000002f58c40
0x00002b44a5c094b0:   00002b44c0003880 00002b44c0003890
0x00002b44a5c094c0:   00002b44c0003890 00002b44a5c09550
0x00002b44a5c094d0:   00002b44c00038a0 0000000000000008
0x00002b44a5c094e0:   00002b44c00038f0 00002b44c00038f0
0x00002b44a5c094f0:   00002b44c0003af0 00002b44c00038b8
0x00002b44a5c09500:   00002b44c00038f0 00002b44c00038f0
0x00002b44a5c09510:   00002b44c0003af0 00002b44c00038b8
0x00002b44a5c09520:   0000000002f58fe0 0000000000000000
0x00002b44a5c09530:   0000000000000000 0000000000000000
0x00002b44a5c09540:   00002b44c0010f10 00002b44c0010408
0x00002b44a5c09550:   00002b44c0010d10 00002b44c0010d10
0x00002b44a5c09560:   00002b44c0010f10 00002b44c0010408
0x00002b44a5c09570:   00002b4400000000 0000000000000000
0x00002b44a5c09580:   0000000000000000 0000000002f58be0
0x00002b44a5c09590:   00002b44a5c09920 0000000000000003
0x00002b44a5c095a0:   00002b441530da00 00002b43f2ac67f0
0x00002b44a5c095b0:   00002b44c0002000 000000000050e190
0x00002b44a5c095c0:   00002b440f0cc6e0 0000000000000000
0x00002b44a5c095d0:   0000000000000001 00002b44152f8790
0x00002b44a5c095e0:   00002b43e7d62068 00000000004685e4
0x00002b44a5c095f0:   00002b44147f3560 00002b440f0cc6e0 

Instructions: (pc=0x00002b43f2aced8b)
0x00002b43f2aced6b:   90 0f 1f 40 00 41 57 41 56 48 ba 39 8e e3 38 8e
0x00002b43f2aced7b:   e3 38 8e 41 55 41 54 49 89 fd 55 53 48 83 ec 18
0x00002b43f2aced8b:   48 8b 7f 68 49 8b 45 70 49 8b 8d 88 00 00 00 48
0x00002b43f2aced9b:   29 f8 48 c1 f8 03 48 0f af c2 49 8b 95 90 00 00 

Register to memory mapping:

RAX=0x00002b44bc010dc0 is an unknown value
RBX=0x00002b44c00048b0 is an unknown value
RCX=0x8e38e38e38e38e39 is an unknown value
RDX=0x8e38e38e38e38e39 is an unknown value
RSP=0x00002b44a5c09400 is pointing into the stack for thread: 0x00002b44c0002000
RBP=0x00002b44c0004870 is an unknown value
RSI=0x0000000002f58dc0 is an unknown value
RDI=0x0000000000000090 is an unknown value
R8 =0x0000000000000000 is an unknown value
R9 =0x00002b43f2cf62d8: _ZTI6JPType+0 in /usr/local/lib/python2.7/site-packages/JPype1-0.6.2-py2.7-linux-x86_64.egg/_jpype.so at 0x00002b43f2a7c000
R10=0x0000000000000008 is an unknown value
R11=0x0000000000000000 is an unknown value
R12=0x00002b44c0003840 is an unknown value
R13=0x0000000000000090 is an unknown value
R14=0x00002b44c0003890 is an unknown value
R15=0x0000000000000090 is an unknown value


Stack: [0x00002b44a5a0b000,0x00002b44a5c0c000],  sp=0x00002b44a5c09400,  free space=2041k
Native frames: (J=compiled Java code, j=interpreted, Vv=VM code, C=native code)
C  [_jpype.so+0x52d8b]  JPMethodOverload::ensureTypeCache() const+0x1b


---------------  P R O C E S S  ---------------

Java Threads: ( => current thread )
  0x00002b44c8002800 JavaThread "Thread-8" [_thread_blocked, id=7154, stack(0x00002b44a5e0d000,0x00002b44a600e000)]
  0x00002b44cc002000 JavaThread "Thread-7" [_thread_in_vm_trans, id=7155, stack(0x00002b44a600e000,0x00002b44a620f000)]
  0x00002b44c4002000 JavaThread "Thread-6" [_thread_in_native, id=7152, stack(0x00002b44a5c0c000,0x00002b44a5e0d000)]
=>0x00002b44c0002000 JavaThread "Thread-5" [_thread_in_native, id=7151, stack(0x00002b44a5a0b000,0x00002b44a5c0c000)]
  0x00002b44bc002000 JavaThread "Thread-4" [_thread_in_native, id=7150, stack(0x00002b44a580a000,0x00002b44a5a0b000)]
  0x00002b44b8003800 JavaThread "Thread-3" [_thread_in_native, id=7149, stack(0x00002b44a5609000,0x00002b44a580a000)]
  0x0000000003170000 JavaThread "main-EventThread" daemon [_thread_blocked, id=6997, stack(0x00002b44a5508000,0x00002b44a5609000)]
  0x0000000003162800 JavaThread "main-SendThread(cu20:2181)" daemon [_thread_in_native, id=6996, stack(0x00002b44a44ac000,0x00002b44a45ad000)]
  0x0000000003087800 JavaThread "process reaper" daemon [_thread_blocked, id=6994, stack(0x00002b44a4473000,0x00002b44a44ac000)]
  0x0000000002eda000 JavaThread "Thread-0" [_thread_blocked, id=6990, stack(0x00002b44a4000000,0x00002b44a4101000)]
  0x0000000002e98000 JavaThread "Service Thread" daemon [_thread_blocked, id=6988, stack(0x00002b4498000000,0x00002b4498101000)]
  0x0000000002e96000 JavaThread "C2 CompilerThread1" daemon [_thread_blocked, id=6987, stack(0x00002b448c101000,0x00002b448c202000)]
  0x0000000002e93000 JavaThread "C2 CompilerThread0" daemon [_thread_blocked, id=6986, stack(0x00002b448c000000,0x00002b448c101000)]
  0x0000000002e91000 JavaThread "Signal Dispatcher" daemon [_thread_blocked, id=6985, stack(0x00002b447b6e0000,0x00002b447b7e1000)]
  0x0000000002e73000 JavaThread "Finalizer" daemon [_thread_blocked, id=6984, stack(0x00002b447b5df000,0x00002b447b6e0000)]
  0x0000000002e71000 JavaThread "Reference Handler" daemon [_thread_blocked, id=6983, stack(0x00002b447b4de000,0x00002b447b5df000)]
  0x0000000002b67000 JavaThread "main" [_thread_in_native, id=6948, stack(0x00007fff1d056000,0x00007fff1d156000)]

Other Threads:
  0x0000000002e6c800 VMThread [stack: 0x00002b43f60b4000,0x00002b43f62b5000] [id=6982]
  0x0000000002ea3000 WatcherThread [stack: 0x00002b4498101000,0x00002b4498202000] [id=6989]

VM state:synchronizing (normal execution)

VM Mutex/Monitor currently owned by a thread:  ([mutex/lock_event])
[0x00000000028dc390] Safepoint_lock - owner thread: 0x0000000002e6c800
[0x00000000028dc410] Threads_lock - owner thread: 0x0000000002e6c800

Heap
 PSYoungGen      total 150528K, used 49611K [0x0000000758e00000, 0x0000000763580000, 0x0000000800000000)
  eden space 129536K, 38% used [0x0000000758e00000,0x000000075be72e18,0x0000000760c80000)
  from space 20992K, 0% used [0x0000000762100000,0x0000000762100000,0x0000000763580000)
  to   space 20992K, 0% used [0x0000000760c80000,0x0000000760c80000,0x0000000762100000)
 ParOldGen       total 342016K, used 0K [0x000000060aa00000, 0x000000061f800000, 0x0000000758e00000)
  object space 342016K, 0% used [0x000000060aa00000,0x000000060aa00000,0x000000061f800000)
 PSPermGen       total 21504K, used 11433K [0x0000000605800000, 0x0000000606d00000, 0x000000060aa00000)
  object space 21504K, 53% used [0x0000000605800000,0x000000060632a730,0x0000000606d00000)

Card table byte_map: [0x00002b4419d2e000,0x00002b441ad03000] byte_map_base: 0x00002b4416d02000

Polling page: 0x00002b4416810000

Code Cache  [0x00002b4416c6e000, 0x00002b4416ede000, 0x00002b4419c6e000)
 total_blobs=383 nmethods=93 adapters=243 free_code_cache=48469Kb largest_free_block=49610176

Compilation events (10 events):
Event: 1.091 Thread 0x0000000002e96000 nmethod 90 0x00002b4416d1bdd0 code [0x00002b4416d1bf20, 0x00002b4416d1c0a8]
Event: 1.091 Thread 0x0000000002e96000   91             com.sun.org.apache.xerces.internal.util.IntStack::size (5 bytes)
Event: 1.091 Thread 0x0000000002e96000 nmethod 91 0x00002b4416d1cb50 code [0x00002b4416d1cc80, 0x00002b4416d1ccd8]
Event: 1.092 Thread 0x0000000002e96000   92             com.sun.org.apache.xerces.internal.util.IntStack::peek (12 bytes)
Event: 1.092 Thread 0x0000000002e93000 nmethod 88 0x00002b4416d1dc10 code [0x00002b4416d1dd60, 0x00002b4416d1e0c8]
Event: 1.092 Thread 0x0000000002e96000 nmethod 92 0x00002b4416d1d950 code [0x00002b4416d1daa0, 0x00002b4416d1db58]
Event: 1.164 Thread 0x0000000002e93000   93             java.lang.AbstractStringBuilder::ensureCapacityInternal (16 bytes)
Event: 1.164 Thread 0x0000000002e96000   94             java.util.ArrayList::size (5 bytes)
Event: 1.165 Thread 0x0000000002e96000 nmethod 94 0x00002b4416d14dd0 code [0x00002b4416d14f00, 0x00002b4416d14f58]
Event: 1.170 Thread 0x0000000002e93000 nmethod 93 0x00002b4416d18a10 code [0x00002b4416d18b60, 0x00002b4416d18df8]

GC Heap History (0 events):
No events

Deoptimization events (4 events):
Event: 0.745 Thread 0x0000000002b67000 Uncommon trap: reason=class_check action=maybe_recompile pc=0x00002b4416cd3640 method=java.lang.String.equals(Ljava/lang/Object;)Z @ 8
Event: 0.745 Thread 0x0000000002b67000 Uncommon trap: reason=class_check action=maybe_recompile pc=0x00002b4416cd3640 method=java.lang.String.equals(Ljava/lang/Object;)Z @ 8
Event: 0.746 Thread 0x0000000002b67000 Uncommon trap: reason=class_check action=maybe_recompile pc=0x00002b4416cd3640 method=java.lang.String.equals(Ljava/lang/Object;)Z @ 8
Event: 0.746 Thread 0x0000000002b67000 Uncommon trap: reason=class_check action=maybe_recompile pc=0x00002b4416cd3640 method=java.lang.String.equals(Ljava/lang/Object;)Z @ 8

Internal exceptions (10 events):
Event: 31.838 Thread 0x00002b44cc002000 Threw 0x000000075b9f4788 at /HUDSON/workspace/7u-2-build-linux-amd64/jdk7u67/1368/hotspot/src/share/vm/prims/jvm.cpp:1244
Event: 31.840 Thread 0x00002b44cc002000 Threw 0x000000075b9fddb0 at /HUDSON/workspace/7u-2-build-linux-amd64/jdk7u67/1368/hotspot/src/share/vm/prims/jvm.cpp:1244
Event: 31.840 Thread 0x00002b44cc002000 Threw 0x000000075ba030d0 at /HUDSON/workspace/7u-2-build-linux-amd64/jdk7u67/1368/hotspot/src/share/vm/prims/jvm.cpp:1244
Event: 31.841 Thread 0x00002b44cc002000 Threw 0x000000075ba04de8 at /HUDSON/workspace/7u-2-build-linux-amd64/jdk7u67/1368/hotspot/src/share/vm/prims/jvm.cpp:1244
Event: 31.842 Thread 0x00002b44cc002000 Threw 0x000000075ba07c08 at /HUDSON/workspace/7u-2-build-linux-amd64/jdk7u67/1368/hotspot/src/share/vm/prims/jvm.cpp:1244
Event: 31.843 Thread 0x00002b44cc002000 Threw 0x000000075ba0a380 at /HUDSON/workspace/7u-2-build-linux-amd64/jdk7u67/1368/hotspot/src/share/vm/prims/jvm.cpp:1244
Event: 31.845 Thread 0x00002b44bc002000 Threw 0x000000075b1d0298 at /HUDSON/workspace/7u-2-build-linux-amd64/jdk7u67/1368/hotspot/src/share/vm/prims/jvm.cpp:1244
Event: 31.847 Thread 0x00002b44cc002000 Threw 0x000000075ba1fbe0 at /HUDSON/workspace/7u-2-build-linux-amd64/jdk7u67/1368/hotspot/src/share/vm/prims/jvm.cpp:1244
Event: 31.849 Thread 0x00002b44cc002000 Threw 0x000000075ba32188 at /HUDSON/workspace/7u-2-build-linux-amd64/jdk7u67/1368/hotspot/src/share/vm/prims/jvm.cpp:1244
Event: 31.850 Thread 0x00002b44cc002000 Threw 0x000000075ba34858 at /HUDSON/workspace/7u-2-build-linux-amd64/jdk7u67/1368/hotspot/src/share/vm/prims/jvm.cpp:1244

Events (10 events):
Event: 31.846 loading class 0x00002b44cc01f0b0
Event: 31.846 loading class 0x00002b44cc01f0b0 done
Event: 31.847 loading class 0x00000000031488e0
Event: 31.847 Executing VM operation: RevokeBias
Event: 31.847 loading class 0x00000000031488e0 done
Event: 31.847 Executing VM operation: RevokeBias done
Event: 31.849 loading class 0x00002b44cc019c40
Event: 31.849 loading class 0x00002b44cc019c40 done
Event: 31.850 loading class 0x00002b44cc019d60
Event: 31.850 loading class 0x00002b44cc019d60 done


Dynamic libraries:
00400000-00577000 r-xp 00000000 103:02 8671415                           /usr/local/bin/python2.7
00777000-007b3000 rw-p 00177000 103:02 8671415                           /usr/local/bin/python2.7
007b3000-007c2000 rw-p 00000000 00:00 0 
01c39000-03277000 rw-p 00000000 00:00 0                                  [heap]
605800000-606d00000 rw-p 00000000 00:00 0 
606d00000-60aa00000 rw-p 00000000 00:00 0 
60aa00000-61f800000 rw-p 00000000 00:00 0 
61f800000-758e00000 rw-p 00000000 00:00 0 
758e00000-763580000 rw-p 00000000 00:00 0 
763580000-800000000 rw-p 00000000 00:00 0 
2b43e7d41000-2b43e7d61000 r-xp 00000000 103:02 23068679                  /lib64/ld-2.12.so
2b43e7d61000-2b43e7e22000 rw-p 00000000 00:00 0 
2b43e7e54000-2b43e7e94000 rw-p 00000000 00:00 0 
2b43e7f60000-2b43e7f61000 r--p 0001f000 103:02 23068679                  /lib64/ld-2.12.so
2b43e7f61000-2b43e7f62000 rw-p 00020000 103:02 23068679                  /lib64/ld-2.12.so
2b43e7f62000-2b43e7f63000 rw-p 00000000 00:00 0 
2b43e7f63000-2b43e7f7a000 r-xp 00000000 103:02 23068710                  /lib64/libpthread-2.12.so
2b43e7f7a000-2b43e8179000 ---p 00017000 103:02 23068710                  /lib64/libpthread-2.12.so
2b43e8179000-2b43e817a000 r--p 00016000 103:02 23068710                  /lib64/libpthread-2.12.so
2b43e817a000-2b43e817b000 rw-p 00017000 103:02 23068710                  /lib64/libpthread-2.12.so
2b43e817b000-2b43e8180000 rw-p 00000000 00:00 0 
2b43e8180000-2b43e8182000 r-xp 00000000 103:02 23068692                  /lib64/libdl-2.12.so
2b43e8182000-2b43e8382000 ---p 00002000 103:02 23068692                  /lib64/libdl-2.12.so
2b43e8382000-2b43e8383000 r--p 00002000 103:02 23068692                  /lib64/libdl-2.12.so
2b43e8383000-2b43e8384000 rw-p 00003000 103:02 23068692                  /lib64/libdl-2.12.so
2b43e8384000-2b43e8386000 r-xp 00000000 103:02 23068718                  /lib64/libutil-2.12.so
2b43e8386000-2b43e8585000 ---p 00002000 103:02 23068718                  /lib64/libutil-2.12.so
2b43e8585000-2b43e8586000 r--p 00001000 103:02 23068718                  /lib64/libutil-2.12.so
2b43e8586000-2b43e8587000 rw-p 00002000 103:02 23068718                  /lib64/libutil-2.12.so
2b43e8587000-2b43e860a000 r-xp 00000000 103:02 23068694                  /lib64/libm-2.12.so
2b43e860a000-2b43e8809000 ---p 00083000 103:02 23068694                  /lib64/libm-2.12.so
2b43e8809000-2b43e880a000 r--p 00082000 103:02 23068694                  /lib64/libm-2.12.so
2b43e880a000-2b43e880b000 rw-p 00083000 103:02 23068694                  /lib64/libm-2.12.so
2b43e880b000-2b43e880c000 rw-p 00000000 00:00 0 
2b43e880c000-2b43e89a3000 r-xp 00000000 103:02 23068686                  /lib64/libc-2.12.so
2b43e89a3000-2b43e8ba3000 ---p 00197000 103:02 23068686                  /lib64/libc-2.12.so
2b43e8ba3000-2b43e8ba7000 r--p 00197000 103:02 23068686                  /lib64/libc-2.12.so
2b43e8ba7000-2b43e8ba8000 rw-p 0019b000 103:02 23068686                  /lib64/libc-2.12.so
2b43e8ba8000-2b43e8baf000 rw-p 00000000 00:00 0 
2b43e8baf000-2b43e8bb3000 r-xp 00000000 103:02 23990253                  /usr/local/lib/python2.7/lib-dynload/_locale.so
2b43e8bb3000-2b43e8db3000 ---p 00004000 103:02 23990253                  /usr/local/lib/python2.7/lib-dynload/_locale.so
2b43e8db3000-2b43e8db4000 rw-p 00004000 103:02 23990253                  /usr/local/lib/python2.7/lib-dynload/_locale.so
2b43e8db5000-2b43e8df5000 rw-p 00000000 00:00 0 
2b43e8df5000-2b43eec86000 r--p 00000000 103:02 8651455                   /usr/lib/locale/locale-archive
2b43eec87000-2b43eecc7000 rw-p 00000000 00:00 0 
2b43eecc7000-2b43eeccb000 r-xp 00000000 103:02 23990228                  /usr/local/lib/python2.7/lib-dynload/time.so
2b43eeccb000-2b43eeeca000 ---p 00004000 103:02 23990228                  /usr/local/lib/python2.7/lib-dynload/time.so
2b43eeeca000-2b43eeecc000 rw-p 00003000 103:02 23990228                  /usr/local/lib/python2.7/lib-dynload/time.so
2b43eeecc000-2b43eeeda000 r-xp 00000000 103:02 23990217                  /usr/local/lib/python2.7/lib-dynload/_socket.so
2b43eeeda000-2b43ef0da000 ---p 0000e000 103:02 23990217                  /usr/local/lib/python2.7/lib-dynload/_socket.so
2b43ef0da000-2b43ef0df000 rw-p 0000e000 103:02 23990217                  /usr/local/lib/python2.7/lib-dynload/_socket.so
2b43ef0df000-2b43ef0e1000 r-xp 00000000 103:02 23990218                  /usr/local/lib/python2.7/lib-dynload/_functools.so
2b43ef0e1000-2b43ef2e1000 ---p 00002000 103:02 23990218                  /usr/local/lib/python2.7/lib-dynload/_functools.so
2b43ef2e1000-2b43ef2e2000 rw-p 00002000 103:02 23990218                  /usr/local/lib/python2.7/lib-dynload/_functools.so
2b43ef2e2000-2b43ef2f5000 r-xp 00000000 103:02 23990269                  /usr/local/lib/python2.7/lib-dynload/_ssl.so
2b43ef2f5000-2b43ef4f4000 ---p 00013000 103:02 23990269                  /usr/local/lib/python2.7/lib-dynload/_ssl.so
2b43ef4f4000-2b43ef4f8000 rw-p 00012000 103:02 23990269                  /usr/local/lib/python2.7/lib-dynload/_ssl.so
2b43ef52b000-2b43ef58d000 r-xp 00000000 103:02 8653202                   /usr/lib64/libssl.so.1.0.1e
2b43ef58d000-2b43ef78c000 ---p 00062000 103:02 8653202                   /usr/lib64/libssl.so.1.0.1e
2b43ef78c000-2b43ef790000 r--p 00061000 103:02 8653202                   /usr/lib64/libssl.so.1.0.1e
2b43ef790000-2b43ef797000 rw-p 00065000 103:02 8653202                   /usr/lib64/libssl.so.1.0.1e
2b43ef797000-2b43ef950000 r-xp 00000000 103:02 8653200                   /usr/lib64/libcrypto.so.1.0.1e
2b43ef950000-2b43efb4f000 ---p 001b9000 103:02 8653200                   /usr/lib64/libcrypto.so.1.0.1e
2b43efb4f000-2b43efb6a000 r--p 001b8000 103:02 8653200                   /usr/lib64/libcrypto.so.1.0.1e
2b43efb6a000-2b43efb76000 rw-p 001d3000 103:02 8653200                   /usr/lib64/libcrypto.so.1.0.1e
2b43efb76000-2b43efb7a000 rw-p 00000000 00:00 0 
2b43efb7a000-2b43efbbb000 r-xp 00000000 103:02 23068792                  /lib64/libgssapi_krb5.so.2.2
2b43efbbb000-2b43efdbb000 ---p 00041000 103:02 23068792                  /lib64/libgssapi_krb5.so.2.2
2b43efdbb000-2b43efdbc000 r--p 00041000 103:02 23068792                  /lib64/libgssapi_krb5.so.2.2
2b43efdbc000-2b43efdbe000 rw-p 00042000 103:02 23068792                  /lib64/libgssapi_krb5.so.2.2
2b43efdbe000-2b43efe9a000 r-xp 00000000 103:02 23068798                  /lib64/libkrb5.so.3.3
2b43efe9a000-2b43f0099000 ---p 000dc000 103:02 23068798                  /lib64/libkrb5.so.3.3
2b43f0099000-2b43f00a3000 r--p 000db000 103:02 23068798                  /lib64/libkrb5.so.3.3
2b43f00a3000-2b43f00a5000 rw-p 000e5000 103:02 23068798                  /lib64/libkrb5.so.3.3
2b43f00a5000-2b43f00a8000 r-xp 00000000 103:02 23068740                  /lib64/libcom_err.so.2.1
2b43f00a8000-2b43f02a7000 ---p 00003000 103:02 23068740                  /lib64/libcom_err.so.2.1
2b43f02a7000-2b43f02a8000 r--p 00002000 103:02 23068740                  /lib64/libcom_err.so.2.1
2b43f02a8000-2b43f02a9000 rw-p 00003000 103:02 23068740                  /lib64/libcom_err.so.2.1
2b43f02a9000-2b43f02d2000 r-xp 00000000 103:02 23068796                  /lib64/libk5crypto.so.3.1
2b43f02d2000-2b43f04d2000 ---p 00029000 103:02 23068796                  /lib64/libk5crypto.so.3.1
2b43f04d2000-2b43f04d3000 r--p 00029000 103:02 23068796                  /lib64/libk5crypto.so.3.1
2b43f04d3000-2b43f04d4000 rw-p 0002a000 103:02 23068796                  /lib64/libk5crypto.so.3.1
2b43f04d4000-2b43f04d5000 rw-p 00000000 00:00 0 
2b43f04d5000-2b43f04ec000 r-xp 00000000 103:02 8671396                   /usr/local/lib/libz.so.1.2.11
2b43f04ec000-2b43f06ec000 ---p 00017000 103:02 8671396                   /usr/local/lib/libz.so.1.2.11
2b43f06ec000-2b43f06ed000 rw-p 00017000 103:02 8671396                   /usr/local/lib/libz.so.1.2.11
2b43f06ed000-2b43f06f7000 r-xp 00000000 103:02 23068800                  /lib64/libkrb5support.so.0.1
2b43f06f7000-2b43f08f6000 ---p 0000a000 103:02 23068800                  /lib64/libkrb5support.so.0.1
2b43f08f6000-2b43f08f7000 r--p 00009000 103:02 23068800                  /lib64/libkrb5support.so.0.1
2b43f08f7000-2b43f08f8000 rw-p 0000a000 103:02 23068800                  /lib64/libkrb5support.so.0.1
2b43f08f8000-2b43f08fa000 r-xp 00000000 103:02 23068791                  /lib64/libkeyutils.so.1.3
2b43f08fa000-2b43f0af9000 ---p 00002000 103:02 23068791                  /lib64/libkeyutils.so.1.3
2b43f0af9000-2b43f0afa000 r--p 00001000 103:02 23068791                  /lib64/libkeyutils.so.1.3
2b43f0afa000-2b43f0afb000 rw-p 00002000 103:02 23068791                  /lib64/libkeyutils.so.1.3
2b43f0afb000-2b43f0b11000 r-xp 00000000 103:02 23068712                  /lib64/libresolv-2.12.so
2b43f0b11000-2b43f0d11000 ---p 00016000 103:02 23068712                  /lib64/libresolv-2.12.so
2b43f0d11000-2b43f0d12000 r--p 00016000 103:02 23068712                  /lib64/libresolv-2.12.so
2b43f0d12000-2b43f0d13000 rw-p 00017000 103:02 23068712                  /lib64/libresolv-2.12.so
2b43f0d13000-2b43f0d15000 rw-p 00000000 00:00 0 
2b43f0d15000-2b43f0d32000 r-xp 00000000 103:02 23068775                  /lib64/libselinux.so.1
2b43f0d32000-2b43f0f31000 ---p 0001d000 103:02 23068775                  /lib64/libselinux.so.1
2b43f0f31000-2b43f0f32000 r--p 0001c000 103:02 23068775                  /lib64/libselinux.so.1
2b43f0f32000-2b43f0f33000 rw-p 0001d000 103:02 23068775                  /lib64/libselinux.so.1
2b43f0f33000-2b43f0f34000 rw-p 00000000 00:00 0 
2b43f0f34000-2b43f0f38000 r-xp 00000000 103:02 23990213                  /usr/local/lib/python2.7/lib-dynload/cStringIO.so
2b43f0f38000-2b43f1137000 ---p 00004000 103:02 23990213                  /usr/local/lib/python2.7/lib-dynload/cStringIO.so
2b43f1137000-2b43f1139000 rw-p 00003000 103:02 23990213                  /usr/local/lib/python2.7/lib-dynload/cStringIO.so
2b43f1139000-2b43f1156000 r-xp 00000000 103:02 23990238                  /usr/local/lib/python2.7/lib-dynload/_io.so
2b43f1156000-2b43f1356000 ---p 0001d000 103:02 23990238                  /usr/local/lib/python2.7/lib-dynload/_io.so
2b43f1356000-2b43f1360000 rw-p 0001d000 103:02 23990238                  /usr/local/lib/python2.7/lib-dynload/_io.so
2b43f1361000-2b43f13a1000 rw-p 00000000 00:00 0 
2b43f13a1000-2b43f13a9000 r-xp 00000000 103:02 23990262                  /usr/local/lib/python2.7/lib-dynload/math.so
2b43f13a9000-2b43f15a8000 ---p 00008000 103:02 23990262                  /usr/local/lib/python2.7/lib-dynload/math.so
2b43f15a8000-2b43f15aa000 rw-p 00007000 103:02 23990262                  /usr/local/lib/python2.7/lib-dynload/math.so
2b43f15aa000-2b43f15ae000 r-xp 00000000 103:02 23990249                  /usr/local/lib/python2.7/lib-dynload/binascii.so
2b43f15ae000-2b43f17ae000 ---p 00004000 103:02 23990249                  /usr/local/lib/python2.7/lib-dynload/binascii.so
2b43f17ae000-2b43f17af000 rw-p 00004000 103:02 23990249                  /usr/local/lib/python2.7/lib-dynload/binascii.so
2b43f17af000-2b43f17b3000 r-xp 00000000 103:02 23990230                  /usr/local/lib/python2.7/lib-dynload/_hashlib.so
2b43f17b3000-2b43f19b3000 ---p 00004000 103:02 23990230                  /usr/local/lib/python2.7/lib-dynload/_hashlib.so
2b43f19b3000-2b43f19b4000 rw-p 00004000 103:02 23990230                  /usr/local/lib/python2.7/lib-dynload/_hashlib.so
2b43f19b4000-2b43f19b7000 r-xp 00000000 103:02 23990221                  /usr/local/lib/python2.7/lib-dynload/_random.so
2b43f19b7000-2b43f1bb6000 ---p 00003000 103:02 23990221                  /usr/local/lib/python2.7/lib-dynload/_random.so
2b43f1bb6000-2b43f1bb7000 rw-p 00002000 103:02 23990221                  /usr/local/lib/python2.7/lib-dynload/_random.so
2b43f1bb7000-2b43f1bb9000 r-xp 00000000 103:02 23990239                  /usr/local/lib/python2.7/lib-dynload/fcntl.so
2b43f1bb9000-2b43f1db8000 ---p 00002000 103:02 23990239                  /usr/local/lib/python2.7/lib-dynload/fcntl.so
2b43f1db8000-2b43f1dba000 rw-p 00001000 103:02 23990239                  /usr/local/lib/python2.7/lib-dynload/fcntl.so
2b43f1dba000-2b43f1dbe000 r-xp 00000000 103:02 23990256                  /usr/local/lib/python2.7/lib-dynload/select.so
2b43f1dbe000-2b43f1fbe000 ---p 00004000 103:02 23990256                  /usr/local/lib/python2.7/lib-dynload/select.so
2b43f1fbe000-2b43f1fc0000 rw-p 00004000 103:02 23990256                  /usr/local/lib/python2.7/lib-dynload/select.so
2b43f1fc1000-2b43f2001000 rw-p 00000000 00:00 0 
2b43f2001000-2b43f2008000 r-xp 00000000 103:02 23990214                  /usr/local/lib/python2.7/lib-dynload/_collections.so
2b43f2008000-2b43f2207000 ---p 00007000 103:02 23990214                  /usr/local/lib/python2.7/lib-dynload/_collections.so
2b43f2207000-2b43f2209000 rw-p 00006000 103:02 23990214                  /usr/local/lib/python2.7/lib-dynload/_collections.so
2b43f2209000-2b43f2211000 r-xp 00000000 103:02 23990254                  /usr/local/lib/python2.7/lib-dynload/operator.so
2b43f2211000-2b43f2411000 ---p 00008000 103:02 23990254                  /usr/local/lib/python2.7/lib-dynload/operator.so
2b43f2411000-2b43f2413000 rw-p 00008000 103:02 23990254                  /usr/local/lib/python2.7/lib-dynload/operator.so
2b43f2413000-2b43f241d000 r-xp 00000000 103:02 23990259                  /usr/local/lib/python2.7/lib-dynload/itertools.so
2b43f241d000-2b43f261d000 ---p 0000a000 103:02 23990259                  /usr/local/lib/python2.7/lib-dynload/itertools.so
2b43f261d000-2b43f2622000 rw-p 0000a000 103:02 23990259                  /usr/local/lib/python2.7/lib-dynload/itertools.so
2b43f2622000-2b43f2625000 r-xp 00000000 103:02 23990251                  /usr/local/lib/python2.7/lib-dynload/_heapq.so
2b43f2625000-2b43f2825000 ---p 00003000 103:02 23990251                  /usr/local/lib/python2.7/lib-dynload/_heapq.so
2b43f2825000-2b43f2827000 rw-p 00003000 103:02 23990251                  /usr/local/lib/python2.7/lib-dynload/_heapq.so
2b43f2827000-2b43f2867000 rw-p 00000000 00:00 0 
2b43f2867000-2b43f2879000 r-xp 00000000 103:02 23990234                  /usr/local/lib/python2.7/lib-dynload/datetime.so
2b43f2879000-2b43f2a78000 ---p 00012000 103:02 23990234                  /usr/local/lib/python2.7/lib-dynload/datetime.so
2b43f2a78000-2b43f2a7c000 rw-p 00011000 103:02 23990234                  /usr/local/lib/python2.7/lib-dynload/datetime.so
2b43f2a7c000-2b43f2af7000 r-xp 00000000 103:02 24248922                  /usr/local/lib/python2.7/site-packages/JPype1-0.6.2-py2.7-linux-x86_64.egg/_jpype.so
2b43f2af7000-2b43f2cf6000 ---p 0007b000 103:02 24248922                  /usr/local/lib/python2.7/site-packages/JPype1-0.6.2-py2.7-linux-x86_64.egg/_jpype.so
2b43f2cf6000-2b43f2cfb000 rw-p 0007a000 103:02 24248922                  /usr/local/lib/python2.7/site-packages/JPype1-0.6.2-py2.7-linux-x86_64.egg/_jpype.so
2b43f2cfb000-2b43f2cfc000 rw-p 00000000 00:00 0 
2b43f2d2f000-2b43f2eb3000 r-xp 00000000 103:02 8672185                   /usr/lib64/libstdc++.so.6.0.22
2b43f2eb3000-2b43f30b3000 ---p 00184000 103:02 8672185                   /usr/lib64/libstdc++.so.6.0.22
2b43f30b3000-2b43f30bd000 r--p 00184000 103:02 8672185                   /usr/lib64/libstdc++.so.6.0.22
2b43f30bd000-2b43f30bf000 rw-p 0018e000 103:02 8672185                   /usr/lib64/libstdc++.so.6.0.22
2b43f30bf000-2b43f30c3000 rw-p 00000000 00:00 0 
2b43f30c3000-2b43f30d9000 r-xp 00000000 103:02 23068674                  /lib64/libgcc_s-4.4.6-20110824.so.1
2b43f30d9000-2b43f32d8000 ---p 00016000 103:02 23068674                  /lib64/libgcc_s-4.4.6-20110824.so.1
2b43f32d8000-2b43f32d9000 rw-p 00015000 103:02 23068674                  /lib64/libgcc_s-4.4.6-20110824.so.1
2b43f32da000-2b43f335a000 rw-p 00000000 00:00 0 
2b43f339a000-2b43f3567000 r-xp 00000000 103:02 25572764                  /usr/local/lib/python2.7/site-packages/numpy/core/multiarray.so
2b43f3567000-2b43f3766000 ---p 001cd000 103:02 25572764                  /usr/local/lib/python2.7/site-packages/numpy/core/multiarray.so
2b43f3766000-2b43f3776000 rw-p 001cc000 103:02 25572764                  /usr/local/lib/python2.7/site-packages/numpy/core/multiarray.so
2b43f3776000-2b43f3789000 rw-p 00000000 00:00 0 
2b43f3789000-2b43f378f000 rw-p 00921000 103:02 25572764                  /usr/local/lib/python2.7/site-packages/numpy/core/multiarray.so
2b43f378f000-2b43f5aa3000 r-xp 00000000 103:02 25572700                  /usr/local/lib/python2.7/site-packages/numpy/.libs/libopenblasp-r0-39a31c03.2.18.so
2b43f5aa3000-2b43f5ca2000 ---p 02314000 103:02 25572700                  /usr/local/lib/python2.7/site-packages/numpy/.libs/libopenblasp-r0-39a31c03.2.18.so
2b43f5ca2000-2b43f5cc1000 rw-p 02313000 103:02 25572700                  /usr/local/lib/python2.7/site-packages/numpy/.libs/libopenblasp-r0-39a31c03.2.18.so
2b43f5cc1000-2b43f5d24000 rw-p 00000000 00:00 0 
2b43f5d24000-2b43f5dba000 rw-p 02425000 103:02 25572700                  /usr/local/lib/python2.7/site-packages/numpy/.libs/libopenblasp-r0-39a31c03.2.18.so
2b43f5dba000-2b43f5eaa000 r-xp 00000000 103:02 25572701                  /usr/local/lib/python2.7/site-packages/numpy/.libs/libgfortran-ed201abd.so.3.0.0
2b43f5eaa000-2b43f60a9000 ---p 000f0000 103:02 25572701                  /usr/local/lib/python2.7/site-packages/numpy/.libs/libgfortran-ed201abd.so.3.0.0
2b43f60a9000-2b43f60ab000 rw-p 000ef000 103:02 25572701                  /usr/local/lib/python2.7/site-packages/numpy/.libs/libgfortran-ed201abd.so.3.0.0
2b43f60ab000-2b43f60ac000 rw-p 00000000 00:00 0 
2b43f60ac000-2b43f60b4000 rw-p 000f2000 103:02 25572701                  /usr/local/lib/python2.7/site-packages/numpy/.libs/libgfortran-ed201abd.so.3.0.0
2b43f60b4000-2b43f60b5000 ---p 00000000 00:00 0 
2b43f60b5000-2b43f62b5000 rw-p 00000000 00:00 0 
2b43f62b5000-2b43f62b6000 ---p 00000000 00:00 0 
2b43f62b6000-2b43f64b6000 rw-p 00000000 00:00 0 
2b43f64b6000-2b43f64b7000 ---p 00000000 00:00 0 
2b43f64b7000-2b43f66b7000 rw-p 00000000 00:00 0 
2b43f66b7000-2b43f86b7000 rw-p 00000000 00:00 0 
2b43f86b7000-2b43f86b8000 ---p 00000000 00:00 0 
2b43f86b8000-2b43f88b8000 rw-p 00000000 00:00 0 
2b43f88b8000-2b43fa8b8000 rw-p 00000000 00:00 0 
2b43fa8b8000-2b43fc8b8000 rw-p 00000000 00:00 0 
2b43fc8b8000-2b43fc8b9000 ---p 00000000 00:00 0 
2b43fc8b9000-2b43fcab9000 rw-p 00000000 00:00 0 
2b43fcab9000-2b43fcaba000 ---p 00000000 00:00 0 
2b43fcaba000-2b43fccba000 rw-p 00000000 00:00 0 
2b43fccba000-2b4400cba000 rw-p 00000000 00:00 0 
2b4400cba000-2b4400cbb000 ---p 00000000 00:00 0 
2b4400cbb000-2b4400ebb000 rw-p 00000000 00:00 0 
2b4400ebb000-2b4402ebb000 rw-p 00000000 00:00 0 
2b4402ebb000-2b4402ebc000 ---p 00000000 00:00 0 
2b4402ebc000-2b44030bc000 rw-p 00000000 00:00 0 
2b44030bc000-2b44030bd000 ---p 00000000 00:00 0 
2b44030bd000-2b44032bd000 rw-p 00000000 00:00 0 
2b44032bd000-2b44052bd000 rw-p 00000000 00:00 0 
2b44052bd000-2b44052be000 ---p 00000000 00:00 0 
2b44052be000-2b44054be000 rw-p 00000000 00:00 0 
2b44054be000-2b44074be000 rw-p 00000000 00:00 0 
2b44074be000-2b44094be000 rw-p 00000000 00:00 0 
2b44094be000-2b44094bf000 ---p 00000000 00:00 0 
2b44094bf000-2b44096bf000 rw-p 00000000 00:00 0 
2b44096bf000-2b440b6bf000 rw-p 00000000 00:00 0 
2b440b6bf000-2b440b6ff000 rw-p 00000000 00:00 0 
2b440b6ff000-2b440b897000 r-xp 00000000 103:02 25572773                  /usr/local/lib/python2.7/site-packages/numpy/core/umath.so
2b440b897000-2b440ba97000 ---p 00198000 103:02 25572773                  /usr/local/lib/python2.7/site-packages/numpy/core/umath.so
2b440ba97000-2b440ba9d000 rw-p 00198000 103:02 25572773                  /usr/local/lib/python2.7/site-packages/numpy/core/umath.so
2b440ba9d000-2b440ba9f000 rw-p 00000000 00:00 0 
2b440ba9f000-2b440bac0000 r-xp 00000000 103:02 23990210                  /usr/local/lib/python2.7/lib-dynload/_ctypes.so
2b440bac0000-2b440bcbf000 ---p 00021000 103:02 23990210                  /usr/local/lib/python2.7/lib-dynload/_ctypes.so
2b440bcbf000-2b440bcc4000 rw-p 00020000 103:02 23990210                  /usr/local/lib/python2.7/lib-dynload/_ctypes.so
2b440bcc4000-2b440bccb000 r-xp 00000000 103:02 23990268                  /usr/local/lib/python2.7/lib-dynload/_struct.so
2b440bccb000-2b440becb000 ---p 00007000 103:02 23990268                  /usr/local/lib/python2.7/lib-dynload/_struct.so
2b440becb000-2b440becd000 rw-p 00007000 103:02 23990268                  /usr/local/lib/python2.7/lib-dynload/_struct.so
2b440becd000-2b440bf0d000 rw-p 00000000 00:00 0 
2b440bf0d000-2b440bf0e000 rwxp 00000000 00:00 0 
2b440bf0e000-2b440df0e000 rw-p 00000000 00:00 0 
2b440df0e000-2b440df20000 r-xp 00000000 103:02 23990242                  /usr/local/lib/python2.7/lib-dynload/cPickle.so
2b440df20000-2b440e120000 ---p 00012000 103:02 23990242                  /usr/local/lib/python2.7/lib-dynload/cPickle.so
2b440e120000-2b440e121000 rw-p 00012000 103:02 23990242                  /usr/local/lib/python2.7/lib-dynload/cPickle.so
2b440e121000-2b440e122000 rw-p 00000000 00:00 0 
2b440e123000-2b440e1e3000 rw-p 00000000 00:00 0 
2b440e1e4000-2b440e224000 rw-p 00000000 00:00 0 
2b440e224000-2b440e226000 r-xp 00000000 103:02 23990237                  /usr/local/lib/python2.7/lib-dynload/grp.so
2b440e226000-2b440e425000 ---p 00002000 103:02 23990237                  /usr/local/lib/python2.7/lib-dynload/grp.so
2b440e425000-2b440e426000 rw-p 00001000 103:02 23990237                  /usr/local/lib/python2.7/lib-dynload/grp.so
2b440e426000-2b440e466000 rw-p 00000000 00:00 0 
2b440e467000-2b440e4a7000 rw-p 00000000 00:00 0 
2b440e4a7000-2b440e4ab000 r-xp 00000000 103:02 25437984                  /usr/local/lib/python2.7/site-packages/numpy/linalg/lapack_lite.so
2b440e4ab000-2b440e6ab000 ---p 00004000 103:02 25437984                  /usr/local/lib/python2.7/site-packages/numpy/linalg/lapack_lite.so
2b440e6ab000-2b440e6ac000 rw-p 00004000 103:02 25437984                  /usr/local/lib/python2.7/site-packages/numpy/linalg/lapack_lite.so
2b440e6ac000-2b440e6ae000 rw-p 00019000 103:02 25437984                  /usr/local/lib/python2.7/site-packages/numpy/linalg/lapack_lite.so
2b440e6ae000-2b440e6d7000 r-xp 00000000 103:02 25437977                  /usr/local/lib/python2.7/site-packages/numpy/linalg/_umath_linalg.so
2b440e6d7000-2b440e8d6000 ---p 00029000 103:02 25437977                  /usr/local/lib/python2.7/site-packages/numpy/linalg/_umath_linalg.so
2b440e8d6000-2b440e8d8000 rw-p 00028000 103:02 25437977                  /usr/local/lib/python2.7/site-packages/numpy/linalg/_umath_linalg.so
2b440e8d8000-2b440e8db000 rw-p 000c7000 103:02 25437977                  /usr/local/lib/python2.7/site-packages/numpy/linalg/_umath_linalg.so
2b440e8db000-2b440e8dc000 r-xp 00000000 103:02 23990248                  /usr/local/lib/python2.7/lib-dynload/future_builtins.so
2b440e8dc000-2b440eadc000 ---p 00001000 103:02 23990248                  /usr/local/lib/python2.7/lib-dynload/future_builtins.so
2b440eadc000-2b440eadd000 rw-p 00001000 103:02 23990248                  /usr/local/lib/python2.7/lib-dynload/future_builtins.so
2b440eade000-2b440eb1e000 rw-p 00000000 00:00 0 
2b440eb1e000-2b440eb27000 r-xp 00000000 103:02 25312794                  /usr/local/lib/python2.7/site-packages/numpy/fft/fftpack_lite.so
2b440eb27000-2b440ed26000 ---p 00009000 103:02 25312794                  /usr/local/lib/python2.7/site-packages/numpy/fft/fftpack_lite.so
2b440ed26000-2b440ed27000 rw-p 00008000 103:02 25312794                  /usr/local/lib/python2.7/site-packages/numpy/fft/fftpack_lite.so
2b440ed28000-2b440ed68000 rw-p 00000000 00:00 0 
2b440ed68000-2b440ee21000 r-xp 00000000 103:02 25572903                  /usr/local/lib/python2.7/site-packages/numpy/random/mtrand.so
2b440ee21000-2b440f021000 ---p 000b9000 103:02 25572903                  /usr/local/lib/python2.7/site-packages/numpy/random/mtrand.so
2b440f021000-2b440f046000 rw-p 000b9000 103:02 25572903                  /usr/local/lib/python2.7/site-packages/numpy/random/mtrand.so
2b440f046000-2b440f048000 rw-p 00000000 00:00 0 
2b440f081000-2b440f101000 rw-p 00000000 00:00 0 
2b440f102000-2b440f142000 rw-p 00000000 00:00 0 
2b440f142000-2b440f147000 r-xp 00000000 103:02 23990243                  /usr/local/lib/python2.7/lib-dynload/strop.so
2b440f147000-2b440f346000 ---p 00005000 103:02 23990243                  /usr/local/lib/python2.7/lib-dynload/strop.so
2b440f346000-2b440f348000 rw-p 00004000 103:02 23990243                  /usr/local/lib/python2.7/lib-dynload/strop.so
2b440f349000-2b440f389000 rw-p 00000000 00:00 0 
2b440f38a000-2b440f40a000 rw-p 00000000 00:00 0 
2b440f40a000-2b440f40f000 r-xp 00000000 103:02 23990227                  /usr/local/lib/python2.7/lib-dynload/zlib.so
2b440f40f000-2b440f60e000 ---p 00005000 103:02 23990227                  /usr/local/lib/python2.7/lib-dynload/zlib.so
2b440f60e000-2b440f610000 rw-p 00004000 103:02 23990227                  /usr/local/lib/python2.7/lib-dynload/zlib.so
2b440f610000-2b440f614000 r-xp 00000000 103:02 23995106                  /usr/local/lib/python2.7/site-packages/_posixsubprocess.so
2b440f614000-2b440f813000 ---p 00004000 103:02 23995106                  /usr/local/lib/python2.7/site-packages/_posixsubprocess.so
2b440f813000-2b440f814000 rw-p 00003000 103:02 23995106                  /usr/local/lib/python2.7/site-packages/_posixsubprocess.so
2b440f815000-2b440f955000 rw-p 00000000 00:00 0 
2b440f956000-2b440f9d6000 rw-p 00000000 00:00 0 
2b440f9d6000-2b440f9de000 r-xp 00000000 103:02 23990267                  /usr/local/lib/python2.7/lib-dynload/array.so
2b440f9de000-2b440fbdd000 ---p 00008000 103:02 23990267                  /usr/local/lib/python2.7/lib-dynload/array.so
2b440fbdd000-2b440fbe0000 rw-p 00007000 103:02 23990267                  /usr/local/lib/python2.7/lib-dynload/array.so
2b440fbe1000-2b440fc21000 rw-p 00000000 00:00 0 
2b440fc21000-2b440fc23000 r-xp 00000000 103:02 23990250                  /usr/local/lib/python2.7/lib-dynload/_bisect.so
2b440fc23000-2b440fe22000 ---p 00002000 103:02 23990250                  /usr/local/lib/python2.7/lib-dynload/_bisect.so
2b440fe22000-2b440fe23000 rw-p 00001000 103:02 23990250                  /usr/local/lib/python2.7/lib-dynload/_bisect.so
2b440fe23000-2b440fe2b000 r-xp 00000000 103:02 23990247                  /usr/local/lib/python2.7/lib-dynload/_json.so
2b440fe2b000-2b441002b000 ---p 00008000 103:02 23990247                  /usr/local/lib/python2.7/lib-dynload/_json.so
2b441002b000-2b441002c000 rw-p 00008000 103:02 23990247                  /usr/local/lib/python2.7/lib-dynload/_json.so
2b441002d000-2b44100ed000 rw-p 00000000 00:00 0 
2b44100ed000-2b441011a000 r-xp 00000000 103:02 25959341                  /usr/local/lib/python2.7/site-packages/matplotlib/_path.so
2b441011a000-2b4410319000 ---p 0002d000 103:02 25959341                  /usr/local/lib/python2.7/site-packages/matplotlib/_path.so
2b4410319000-2b441031b000 rw-p 0002c000 103:02 25959341                  /usr/local/lib/python2.7/site-packages/matplotlib/_path.so
2b441031c000-2b441041c000 rw-p 00000000 00:00 0 
2b441041d000-2b441045d000 rw-p 00000000 00:00 0 
2b441045d000-2b4410462000 r-xp 00000000 103:02 23990209                  /usr/local/lib/python2.7/lib-dynload/_csv.so
2b4410462000-2b4410661000 ---p 00005000 103:02 23990209                  /usr/local/lib/python2.7/lib-dynload/_csv.so
2b4410661000-2b4410664000 rw-p 00004000 103:02 23990209                  /usr/local/lib/python2.7/lib-dynload/_csv.so
2b4410665000-2b44106a5000 rw-p 00000000 00:00 0 
2b44106a5000-2b44106ab000 r-xp 00000000 103:02 25959355                  /usr/local/lib/python2.7/site-packages/matplotlib/_cntr.so
2b44106ab000-2b44108aa000 ---p 00006000 103:02 25959355                  /usr/local/lib/python2.7/site-packages/matplotlib/_cntr.so
2b44108aa000-2b44108ab000 rw-p 00005000 103:02 25959355                  /usr/local/lib/python2.7/site-packages/matplotlib/_cntr.so
2b44108ab000-2b44108bd000 r-xp 00000000 103:02 25959439                  /usr/local/lib/python2.7/site-packages/matplotlib/_contour.so
2b44108bd000-2b4410abd000 ---p 00012000 103:02 25959439                  /usr/local/lib/python2.7/site-packages/matplotlib/_contour.so
2b4410abd000-2b4410abe000 rw-p 00012000 103:02 25959439                  /usr/local/lib/python2.7/site-packages/matplotlib/_contour.so
2b4410abf000-2b4410b3f000 rw-p 00000000 00:00 0 
2b4410b3f000-2b4410c0e000 r-xp 00000000 103:02 25959363                  /usr/local/lib/python2.7/site-packages/matplotlib/ft2font.so
2b4410c0e000-2b4410e0e000 ---p 000cf000 103:02 25959363                  /usr/local/lib/python2.7/site-packages/matplotlib/ft2font.so
2b4410e0e000-2b4410e15000 rw-p 000cf000 103:02 25959363                  /usr/local/lib/python2.7/site-packages/matplotlib/ft2font.so
2b4410e16000-2b4410f16000 rw-p 00000000 00:00 0 
2b4410f17000-2b4410f97000 rw-p 00000000 00:00 0 
2b4410f97000-2b441102d000 r-xp 00000000 103:02 23990220                  /usr/local/lib/python2.7/lib-dynload/unicodedata.so
2b441102d000-2b441122c000 ---p 00096000 103:02 23990220                  /usr/local/lib/python2.7/lib-dynload/unicodedata.so
2b441122c000-2b4411240000 rw-p 00095000 103:02 23990220                  /usr/local/lib/python2.7/lib-dynload/unicodedata.so
2b4411240000-2b4411247000 r-xp 00000000 103:02 25959370                  /usr/local/lib/python2.7/site-packages/matplotlib/_png.so
2b4411247000-2b4411447000 ---p 00007000 103:02 25959370                  /usr/local/lib/python2.7/site-packages/matplotlib/_png.so
2b4411447000-2b4411448000 rw-p 00007000 103:02 25959370                  /usr/local/lib/python2.7/site-packages/matplotlib/_png.so
2b4411448000-2b441144a000 rw-p 00029000 103:02 25959370                  /usr/local/lib/python2.7/site-packages/matplotlib/_png.so
2b441144a000-2b441147a000 r-xp 00000000 103:02 26349336                  /usr/local/lib/python2.7/site-packages/matplotlib/.libs/libpng16-3e9b18e2.so.16.21.0
2b441147a000-2b4411679000 ---p 00030000 103:02 26349336                  /usr/local/lib/python2.7/site-packages/matplotlib/.libs/libpng16-3e9b18e2.so.16.21.0
2b4411679000-2b441167a000 rw-p 0002f000 103:02 26349336                  /usr/local/lib/python2.7/site-packages/matplotlib/.libs/libpng16-3e9b18e2.so.16.21.0
2b441167a000-2b441167e000 rw-p 000df000 103:02 26349336                  /usr/local/lib/python2.7/site-packages/matplotlib/.libs/libpng16-3e9b18e2.so.16.21.0
2b441167e000-2b4411692000 r-xp 00000000 103:02 26349335                  /usr/local/lib/python2.7/site-packages/matplotlib/.libs/libz-a147dcb0.so.1.2.3
2b4411692000-2b4411891000 ---p 00014000 103:02 26349335                  /usr/local/lib/python2.7/site-packages/matplotlib/.libs/libz-a147dcb0.so.1.2.3
2b4411891000-2b4411892000 rw-p 00013000 103:02 26349335                  /usr/local/lib/python2.7/site-packages/matplotlib/.libs/libz-a147dcb0.so.1.2.3
2b4411892000-2b4411893000 rw-p 00015000 103:02 26349335                  /usr/local/lib/python2.7/site-packages/matplotlib/.libs/libz-a147dcb0.so.1.2.3
2b4411893000-2b4411913000 rw-p 00000000 00:00 0 
2b4411913000-2b441194b000 r-xp 00000000 103:02 25959416                  /usr/local/lib/python2.7/site-packages/matplotlib/_image.so
2b441194b000-2b4411b4b000 ---p 00038000 103:02 25959416                  /usr/local/lib/python2.7/site-packages/matplotlib/_image.so
2b4411b4b000-2b4411b4c000 rw-p 00038000 103:02 25959416                  /usr/local/lib/python2.7/site-packages/matplotlib/_image.so
2b4411b4c000-2b4411b4d000 rw-p 00000000 00:00 0 
2b4411b88000-2b4411c88000 rw-p 00000000 00:00 0 
2b4411c88000-2b4411ca7000 r-xp 00000000 103:02 25959418                  /usr/local/lib/python2.7/site-packages/matplotlib/_tri.so
2b4411ca7000-2b4411ea6000 ---p 0001f000 103:02 25959418                  /usr/local/lib/python2.7/site-packages/matplotlib/_tri.so
2b4411ea6000-2b4411ea8000 rw-p 0001e000 103:02 25959418                  /usr/local/lib/python2.7/site-packages/matplotlib/_tri.so
2b4411ea8000-2b4411f02000 r-xp 00000000 103:02 25959374                  /usr/local/lib/python2.7/site-packages/matplotlib/_qhull.so
2b4411f02000-2b4412102000 ---p 0005a000 103:02 25959374                  /usr/local/lib/python2.7/site-packages/matplotlib/_qhull.so
2b4412102000-2b4412104000 rw-p 0005a000 103:02 25959374                  /usr/local/lib/python2.7/site-packages/matplotlib/_qhull.so
2b4412104000-2b4412106000 rw-p 00000000 00:00 0 
2b4412107000-2b44121c7000 rw-p 00000000 00:00 0 
2b44121c8000-2b44124c9000 rw-p 00000000 00:00 0 
2b44124c9000-2b44124d6000 r-xp 00000000 103:02 23990244                  /usr/local/lib/python2.7/lib-dynload/_tkinter.so
2b44124d6000-2b44126d5000 ---p 0000d000 103:02 23990244                  /usr/local/lib/python2.7/lib-dynload/_tkinter.so
2b44126d5000-2b44126d7000 rw-p 0000c000 103:02 23990244                  /usr/local/lib/python2.7/lib-dynload/_tkinter.so
2b441270a000-2b4412833000 r-xp 00000000 103:02 8653389                   /usr/lib64/libtk8.5.so
2b4412833000-2b4412a33000 ---p 00129000 103:02 8653389                   /usr/lib64/libtk8.5.so
2b4412a33000-2b4412a50000 rw-p 00129000 103:02 8653389                   /usr/lib64/libtk8.5.so
2b4412a50000-2b4412b69000 r-xp 00000000 103:02 8651975                   /usr/lib64/libtcl8.5.so
2b4412b69000-2b4412d69000 ---p 00119000 103:02 8651975                   /usr/lib64/libtcl8.5.so
2b4412d69000-2b4412d79000 rw-p 00119000 103:02 8651975                   /usr/lib64/libtcl8.5.so
2b4412d79000-2b4412eb0000 r-xp 00000000 103:02 8652765                   /usr/lib64/libX11.so.6.3.0
2b4412eb0000-2b44130b0000 ---p 00137000 103:02 8652765                   /usr/lib64/libX11.so.6.3.0
2b44130b0000-2b44130b6000 rw-p 00137000 103:02 8652765                   /usr/lib64/libX11.so.6.3.0
2b44130b6000-2b44130ca000 r-xp 00000000 103:02 8653295                   /usr/lib64/libXft.so.2.1.13
2b44130ca000-2b44132ca000 ---p 00014000 103:02 8653295                   /usr/lib64/libXft.so.2.1.13
2b44132ca000-2b44132cb000 rw-p 00014000 103:02 8653295                   /usr/lib64/libXft.so.2.1.13
2b44132cb000-2b44132d4000 r-xp 00000000 103:02 8652770                   /usr/lib64/libXrender.so.1.3.0
2b44132d4000-2b44134d3000 ---p 00009000 103:02 8652770                   /usr/lib64/libXrender.so.1.3.0
2b44134d3000-2b44134d4000 rw-p 00008000 103:02 8652770                   /usr/lib64/libXrender.so.1.3.0
2b44134d4000-2b4413508000 r-xp 00000000 103:02 8653186                   /usr/lib64/libfontconfig.so.1.4.4
2b4413508000-2b4413708000 ---p 00034000 103:02 8653186                   /usr/lib64/libfontconfig.so.1.4.4
2b4413708000-2b441370a000 rw-p 00034000 103:02 8653186                   /usr/lib64/libfontconfig.so.1.4.4
2b441370a000-2b44137a2000 r-xp 00000000 103:02 8651550                   /usr/lib64/libfreetype.so.6.3.22
2b44137a2000-2b44139a1000 ---p 00098000 103:02 8651550                   /usr/lib64/libfreetype.so.6.3.22
2b44139a1000-2b44139a7000 rw-p 00097000 103:02 8651550                   /usr/lib64/libfreetype.so.6.3.22
2b44139a7000-2b44139cb000 r-xp 00000000 103:02 8652761                   /usr/lib64/libxcb.so.1.1.0
2b44139cb000-2b4413bcb000 ---p 00024000 103:02 8652761                   /usr/lib64/libxcb.so.1.1.0
2b4413bcb000-2b4413bcc000 rw-p 00024000 103:02 8652761                   /usr/lib64/libxcb.so.1.1.0
2b4413bcc000-2b4413bf2000 r-xp 00000000 103:02 23068748                  /lib64/libexpat.so.1.5.2
2b4413bf2000-2b4413df1000 ---p 00026000 103:02 23068748                  /lib64/libexpat.so.1.5.2
2b4413df1000-2b4413df4000 rw-p 00025000 103:02 23068748                  /lib64/libexpat.so.1.5.2
2b4413df4000-2b4413df6000 r-xp 00000000 103:02 8651634                   /usr/lib64/libXau.so.6.0.0
2b4413df6000-2b4413ff6000 ---p 00002000 103:02 8651634                   /usr/lib64/libXau.so.6.0.0
2b4413ff6000-2b4413ff7000 rw-p 00002000 103:02 8651634                   /usr/lib64/libXau.so.6.0.0
2b4413ff7000-2b4414037000 rw-p 00000000 00:00 0 
2b4414037000-2b441403e000 r--s 00000000 103:02 8782773                   /usr/lib64/gconv/gconv-modules.cache
2b441403e000-2b4414046000 r-xp 00000000 103:02 26221023                  /usr/local/lib/python2.7/site-packages/matplotlib/backends/_tkagg.so
2b4414046000-2b4414245000 ---p 00008000 103:02 26221023                  /usr/local/lib/python2.7/site-packages/matplotlib/backends/_tkagg.so
2b4414245000-2b4414246000 rw-p 00007000 103:02 26221023                  /usr/local/lib/python2.7/site-packages/matplotlib/backends/_tkagg.so
2b4414246000-2b4414247000 rw-p 00000000 00:00 0 
2b4414247000-2b441429e000 r-xp 00000000 103:02 26221024                  /usr/local/lib/python2.7/site-packages/matplotlib/backends/_backend_agg.so
2b441429e000-2b441449e000 ---p 00057000 103:02 26221024                  /usr/local/lib/python2.7/site-packages/matplotlib/backends/_backend_agg.so
2b441449e000-2b441449f000 rw-p 00057000 103:02 26221024                  /usr/local/lib/python2.7/site-packages/matplotlib/backends/_backend_agg.so
2b441449f000-2b44144e0000 rw-p 00000000 00:00 0 
2b44144e1000-2b44148a1000 rw-p 00000000 00:00 0 
2b44148a1000-2b44148ae000 r-xp 00000000 103:02 26352108                  /usr/local/lib/python2.7/site-packages/thriftpy/transport/buffered/cybuffered.so
2b44148ae000-2b4414aad000 ---p 0000d000 103:02 26352108                  /usr/local/lib/python2.7/site-packages/thriftpy/transport/buffered/cybuffered.so
2b4414aad000-2b4414aaf000 rw-p 0000c000 103:02 26352108                  /usr/local/lib/python2.7/site-packages/thriftpy/transport/buffered/cybuffered.so
2b4414aaf000-2b4414ab6000 r-xp 00000000 103:02 26352106                  /usr/local/lib/python2.7/site-packages/thriftpy/transport/cybase.so
2b4414ab6000-2b4414cb6000 ---p 00007000 103:02 26352106                  /usr/local/lib/python2.7/site-packages/thriftpy/transport/cybase.so
2b4414cb6000-2b4414cb7000 rw-p 00007000 103:02 26352106                  /usr/local/lib/python2.7/site-packages/thriftpy/transport/cybase.so
2b4414cb7000-2b4414cc4000 r-xp 00000000 103:02 26352103                  /usr/local/lib/python2.7/site-packages/thriftpy/transport/framed/cyframed.so
2b4414cc4000-2b4414ec4000 ---p 0000d000 103:02 26352103                  /usr/local/lib/python2.7/site-packages/thriftpy/transport/framed/cyframed.so
2b4414ec4000-2b4414ec6000 rw-p 0000d000 103:02 26352103                  /usr/local/lib/python2.7/site-packages/thriftpy/transport/framed/cyframed.so
2b4414ec6000-2b4414ecd000 r-xp 00000000 103:02 26352099                  /usr/local/lib/python2.7/site-packages/thriftpy/transport/memory/cymemory.so
2b4414ecd000-2b44150cd000 ---p 00007000 103:02 26352099                  /usr/local/lib/python2.7/site-packages/thriftpy/transport/memory/cymemory.so
2b44150cd000-2b44150ce000 rw-p 00007000 103:02 26352099                  /usr/local/lib/python2.7/site-packages/thriftpy/transport/memory/cymemory.so
2b44150ce000-2b44150e7000 r-xp 00000000 103:02 26352118                  /usr/local/lib/python2.7/site-packages/thriftpy/protocol/cybin.so
2b44150e7000-2b44152e6000 ---p 00019000 103:02 26352118                  /usr/local/lib/python2.7/site-packages/thriftpy/protocol/cybin.so
2b44152e6000-2b44152e8000 rw-p 00018000 103:02 26352118                  /usr/local/lib/python2.7/site-packages/thriftpy/protocol/cybin.so
2b44152e8000-2b4415328000 rw-p 00000000 00:00 0 
2b4415328000-2b4415e98000 r-xp 00000000 103:02 12586154                  /usr/java/jdk1.7.0_67-cloudera/jre/lib/amd64/server/libjvm.so
2b4415e98000-2b4416097000 ---p 00b70000 103:02 12586154                  /usr/java/jdk1.7.0_67-cloudera/jre/lib/amd64/server/libjvm.so
2b4416097000-2b441615c000 rw-p 00b6f000 103:02 12586154                  /usr/java/jdk1.7.0_67-cloudera/jre/lib/amd64/server/libjvm.so
2b441615c000-2b441619c000 rw-p 00000000 00:00 0 
2b44161cf000-2b44161d6000 r-xp 00000000 103:02 23068714                  /lib64/librt-2.12.so
2b44161d6000-2b44163d5000 ---p 00007000 103:02 23068714                  /lib64/librt-2.12.so
2b44163d5000-2b44163d6000 r--p 00006000 103:02 23068714                  /lib64/librt-2.12.so
2b44163d6000-2b44163d7000 rw-p 00007000 103:02 23068714                  /lib64/librt-2.12.so
2b44163d7000-2b44163e4000 r-xp 00000000 103:02 12586149                  /usr/java/jdk1.7.0_67-cloudera/jre/lib/amd64/libverify.so
2b44163e4000-2b44165e3000 ---p 0000d000 103:02 12586149                  /usr/java/jdk1.7.0_67-cloudera/jre/lib/amd64/libverify.so
2b44165e3000-2b44165e5000 rw-p 0000c000 103:02 12586149                  /usr/java/jdk1.7.0_67-cloudera/jre/lib/amd64/libverify.so
2b44165e5000-2b441660e000 r-xp 00000000 103:02 12454691                  /usr/java/jdk1.7.0_67-cloudera/jre/lib/amd64/libjava.so
2b441660e000-2b441680e000 ---p 00029000 103:02 12454691                  /usr/java/jdk1.7.0_67-cloudera/jre/lib/amd64/libjava.so
2b441680e000-2b4416810000 rw-p 00029000 103:02 12454691                  /usr/java/jdk1.7.0_67-cloudera/jre/lib/amd64/libjava.so
2b4416810000-2b4416811000 ---p 00000000 00:00 0 
2b4416811000-2b4416812000 rw-p 00000000 00:00 0 
2b4416812000-2b441681a000 rw-s 00000000 103:02 7355780                   /tmp/hsperfdata_xc/6948
2b4416845000-2b4416851000 r-xp 00000000 103:02 23068702                  /lib64/libnss_files-2.12.so
2b4416851000-2b4416a51000 ---p 0000c000 103:02 23068702                  /lib64/libnss_files-2.12.so
2b4416a51000-2b4416a52000 r--p 0000c000 103:02 23068702                  /lib64/libnss_files-2.12.so
2b4416a52000-2b4416a53000 rw-p 0000d000 103:02 23068702                  /lib64/libnss_files-2.12.so
2b4416a53000-2b4416a6d000 r-xp 00000000 103:02 12586150                  /usr/java/jdk1.7.0_67-cloudera/jre/lib/amd64/libzip.so
2b4416a6d000-2b4416c6d000 ---p 0001a000 103:02 12586150                  /usr/java/jdk1.7.0_67-cloudera/jre/lib/amd64/libzip.so
2b4416c6d000-2b4416c6e000 rw-p 0001a000 103:02 12586150                  /usr/java/jdk1.7.0_67-cloudera/jre/lib/amd64/libzip.so
2b4416c6e000-2b4416ede000 rwxp 00000000 00:00 0 
2b4416ede000-2b4419c6e000 rw-p 00000000 00:00 0 
2b4419c6e000-2b4419c78000 rw-p 00000000 00:00 0 
2b4419c78000-2b4419d2e000 rw-p 00000000 00:00 0 
2b4419d2e000-2b4419d39000 rw-p 00000000 00:00 0 
2b4419d39000-2b4419d57000 rw-p 00000000 00:00 0 
2b4419d57000-2b4419dfe000 rw-p 00000000 00:00 0 
2b4419dfe000-2b441a7c9000 rw-p 00000000 00:00 0 
2b441a7c9000-2b441a81d000 rw-p 00000000 00:00 0 
2b441a81d000-2b441ad02000 rw-p 00000000 00:00 0 
2b441ad02000-2b441adaa000 rw-p 00000000 00:00 0 
2b441adaa000-2b441b775000 rw-p 00000000 00:00 0 
2b441b775000-2b441b780000 rw-p 00000000 00:00 0 
2b441b780000-2b441b79e000 rw-p 00000000 00:00 0 
2b441c000000-2b441c021000 rw-p 00000000 00:00 0 
2b441c021000-2b4420000000 ---p 00000000 00:00 0 
2b4420000000-2b4421073000 rw-p 00000000 00:00 0 
2b4421073000-2b4421232000 r--s 039e5000 103:02 13635179                  /usr/java/jdk1.7.0_67-cloudera/jre/lib/rt.jar
2b4421232000-2b4423353000 rw-p 00000000 00:00 0 
2b4424000000-2b4424021000 rw-p 00000000 00:00 0 
2b4424021000-2b4428000000 ---p 00000000 00:00 0 
2b442c000000-2b442c021000 rw-p 00000000 00:00 0 
2b442c021000-2b4430000000 ---p 00000000 00:00 0 
2b4434000000-2b4434021000 rw-p 00000000 00:00 0 
2b4434021000-2b4438000000 ---p 00000000 00:00 0 
2b443c000000-2b443c021000 rw-p 00000000 00:00 0 
2b443c021000-2b4440000000 ---p 00000000 00:00 0 
2b4444000000-2b4444021000 rw-p 00000000 00:00 0 
2b4444021000-2b4448000000 ---p 00000000 00:00 0 
2b444c000000-2b444c021000 rw-p 00000000 00:00 0 
2b444c021000-2b4450000000 ---p 00000000 00:00 0 
2b4454000000-2b4454021000 rw-p 00000000 00:00 0 
2b4454021000-2b4458000000 ---p 00000000 00:00 0 
2b445c000000-2b445c021000 rw-p 00000000 00:00 0 
2b445c021000-2b4460000000 ---p 00000000 00:00 0 
2b4464000000-2b4464021000 rw-p 00000000 00:00 0 
2b4464021000-2b4468000000 ---p 00000000 00:00 0 
2b446b79e000-2b447b4de000 rw-p 00000000 00:00 0 
2b447b4de000-2b447b4e1000 ---p 00000000 00:00 0 
2b447b4e1000-2b447b5df000 rw-p 00000000 00:00 0 
2b447b5df000-2b447b5e2000 ---p 00000000 00:00 0 
2b447b5e2000-2b447b6e0000 rw-p 00000000 00:00 0 
2b447b6e0000-2b447b6e3000 ---p 00000000 00:00 0 
2b447b6e3000-2b447b7e1000 rw-p 00000000 00:00 0 
2b447c000000-2b447c021000 rw-p 00000000 00:00 0 
2b447c021000-2b4480000000 ---p 00000000 00:00 0 
2b4480000000-2b4480021000 rw-p 00000000 00:00 0 
2b4480021000-2b4484000000 ---p 00000000 00:00 0 
2b4484000000-2b4484021000 rw-p 00000000 00:00 0 
2b4484021000-2b4488000000 ---p 00000000 00:00 0 
2b4488000000-2b4488021000 rw-p 00000000 00:00 0 
2b4488021000-2b448c000000 ---p 00000000 00:00 0 
2b448c000000-2b448c003000 ---p 00000000 00:00 0 
2b448c003000-2b448c101000 rw-p 00000000 00:00 0 
2b448c101000-2b448c104000 ---p 00000000 00:00 0 
2b448c104000-2b448c202000 rw-p 00000000 00:00 0 
2b4490000000-2b44906b6000 rw-p 00000000 00:00 0 
2b44906b6000-2b4494000000 ---p 00000000 00:00 0 
2b4494000000-2b4494c7c000 rw-p 00000000 00:00 0 
2b4494c7c000-2b4498000000 ---p 00000000 00:00 0 
2b4498000000-2b4498003000 ---p 00000000 00:00 0 
2b4498003000-2b4498101000 rw-p 00000000 00:00 0 
2b4498101000-2b4498102000 ---p 00000000 00:00 0 
2b4498102000-2b4498202000 rw-p 00000000 00:00 0 
2b449c000000-2b449c021000 rw-p 00000000 00:00 0 
2b449c021000-2b44a0000000 ---p 00000000 00:00 0 
2b44a0000000-2b44a0021000 rw-p 00000000 00:00 0 
2b44a0021000-2b44a4000000 ---p 00000000 00:00 0 
2b44a4000000-2b44a4003000 ---p 00000000 00:00 0 
2b44a4003000-2b44a4101000 rw-p 00000000 00:00 0 
2b44a4101000-2b44a4261000 r--s 01573000 103:02 7353292                   /tmp/runClient2.jar
2b44a4261000-2b44a426b000 r--s 00251000 103:02 13635178                  /usr/java/jdk1.7.0_67-cloudera/jre/lib/resources.jar
2b44a426b000-2b44a4273000 r-xp 00000000 103:02 12586136                  /usr/java/jdk1.7.0_67-cloudera/jre/lib/amd64/libmanagement.so
2b44a4273000-2b44a4472000 ---p 00008000 103:02 12586136                  /usr/java/jdk1.7.0_67-cloudera/jre/lib/amd64/libmanagement.so
2b44a4472000-2b44a4473000 rw-p 00007000 103:02 12586136                  /usr/java/jdk1.7.0_67-cloudera/jre/lib/amd64/libmanagement.so
2b44a4473000-2b44a4476000 ---p 00000000 00:00 0 
2b44a4476000-2b44a44ac000 rw-p 00000000 00:00 0 
2b44a44ac000-2b44a44af000 ---p 00000000 00:00 0 
2b44a44af000-2b44a45ad000 rw-p 00000000 00:00 0 
2b44a45ad000-2b44a45ae000 r-xp 00000000 103:02 12454690                  /usr/java/jdk1.7.0_67-cloudera/jre/lib/amd64/libjaas_unix.so
2b44a45ae000-2b44a47ad000 ---p 00001000 103:02 12454690                  /usr/java/jdk1.7.0_67-cloudera/jre/lib/amd64/libjaas_unix.so
2b44a47ad000-2b44a47ae000 rw-p 00000000 103:02 12454690                  /usr/java/jdk1.7.0_67-cloudera/jre/lib/amd64/libjaas_unix.so
2b44a47ae000-2b44a47b2000 r--s 0008a000 103:02 13391605                  /usr/java/jdk1.7.0_67-cloudera/jre/lib/jsse.jar
2b44a47b2000-2b44a47b4000 r--s 00019000 103:02 13391598                  /usr/java/jdk1.7.0_67-cloudera/jre/lib/jce.jar
2b44a47b4000-2b44a47b7000 r--s 00037000 103:02 13247071                  /usr/java/jdk1.7.0_67-cloudera/jre/lib/ext/sunpkcs11.jar
2b44a47b7000-2b44a47b8000 r--s 00003000 103:02 13247069                  /usr/java/jdk1.7.0_67-cloudera/jre/lib/ext/sunec.jar
2b44a47b8000-2b44a47ce000 r-xp 00000000 103:02 12586138                  /usr/java/jdk1.7.0_67-cloudera/jre/lib/amd64/libnet.so
2b44a47ce000-2b44a49ce000 ---p 00016000 103:02 12586138                  /usr/java/jdk1.7.0_67-cloudera/jre/lib/amd64/libnet.so
2b44a49ce000-2b44a49cf000 rw-p 00016000 103:02 12586138                  /usr/java/jdk1.7.0_67-cloudera/jre/lib/amd64/libnet.so
2b44a49cf000-2b44a52f7000 rw-p 00000000 00:00 0 
2b44a52f7000-2b44a5307000 r-xp 00000000 103:02 12586139                  /usr/java/jdk1.7.0_67-cloudera/jre/lib/amd64/libnio.so
2b44a5307000-2b44a5507000 ---p 00010000 103:02 12586139                  /usr/java/jdk1.7.0_67-cloudera/jre/lib/amd64/libnio.so
2b44a5507000-2b44a5508000 rw-p 00010000 103:02 12586139                  /usr/java/jdk1.7.0_67-cloudera/jre/lib/amd64/libnio.so
2b44a5508000-2b44a550b000 ---p 00000000 00:00 0 
2b44a550b000-2b44a5609000 rw-p 00000000 00:00 0 
2b44a5609000-2b44a560c000 ---p 00000000 00:00 0 
2b44a560c000-2b44a580a000 rw-p 00000000 00:00 0 
2b44a580a000-2b44a580d000 ---p 00000000 00:00 0 
2b44a580d000-2b44a5a0b000 rw-p 00000000 00:00 0 
2b44a5a0b000-2b44a5a0e000 ---p 00000000 00:00 0 
2b44a5a0e000-2b44a5c0c000 rw-p 00000000 00:00 0 
2b44a5c0c000-2b44a5c0f000 ---p 00000000 00:00 0 
2b44a5c0f000-2b44a5e0d000 rw-p 00000000 00:00 0 
2b44a5e0d000-2b44a5e10000 ---p 00000000 00:00 0 
2b44a5e10000-2b44a600e000 rw-p 00000000 00:00 0 
2b44a600e000-2b44a6011000 ---p 00000000 00:00 0 
2b44a6011000-2b44a620f000 rw-p 00000000 00:00 0 
2b44a8000000-2b44a8021000 rw-p 00000000 00:00 0 
2b44a8021000-2b44ac000000 ---p 00000000 00:00 0 
2b44ac000000-2b44ac021000 rw-p 00000000 00:00 0 
2b44ac021000-2b44b0000000 ---p 00000000 00:00 0 
2b44b0000000-2b44b0062000 rw-p 00000000 00:00 0 
2b44b0062000-2b44b4000000 ---p 00000000 00:00 0 
2b44b4000000-2b44b4021000 rw-p 00000000 00:00 0 
2b44b4021000-2b44b8000000 ---p 00000000 00:00 0 
2b44b8000000-2b44b8034000 rw-p 00000000 00:00 0 
2b44b8034000-2b44bc000000 ---p 00000000 00:00 0 
2b44bc000000-2b44bc021000 rw-p 00000000 00:00 0 
2b44bc021000-2b44c0000000 ---p 00000000 00:00 0 
2b44c0000000-2b44c0021000 rw-p 00000000 00:00 0 
2b44c0021000-2b44c4000000 ---p 00000000 00:00 0 
2b44c4000000-2b44c4021000 rw-p 00000000 00:00 0 
2b44c4021000-2b44c8000000 ---p 00000000 00:00 0 
2b44c8000000-2b44c8021000 rw-p 00000000 00:00 0 
2b44c8021000-2b44cc000000 ---p 00000000 00:00 0 
2b44cc000000-2b44cc039000 rw-p 00000000 00:00 0 
2b44cc039000-2b44d0000000 ---p 00000000 00:00 0 
7fff1d056000-7fff1d059000 ---p 00000000 00:00 0 
7fff1d05a000-7fff1d156000 rw-p 00000000 00:00 0                          [stack]
7fff1d1ff000-7fff1d200000 r-xp 00000000 00:00 0                          [vdso]
ffffffffff600000-ffffffffff601000 r-xp 00000000 00:00 0                  [vsyscall]

VM Arguments:
jvm_args: -ea  
java_command: <unknown>
Launcher Type: generic

Environment Variables:
JAVA_HOME=/usr/java/jdk1.7.0_67-cloudera
CLASSPATH=/opt/pycharm-community-2017.2/lib/bootstrap.jar:/opt/pycharm-community-2017.2/lib/extensions.jar:/opt/pycharm-community-2017.2/lib/util.jar:/opt/pycharm-community-2017.2/lib/jdom.jar:/opt/pycharm-community-2017.2/lib/log4j.jar:/opt/pycharm-community-2017.2/lib/trove4j.jar:/opt/pycharm-community-2017.2/lib/jna.jar
PATH=/usr/local/lib:/usr/local/include:/usr/local/bin/python2.7:/usr/local/bin/python2.7:/usr/local/bin/python2.7:/opt/cloudera/parcels/CDH-5.10.0-1.cdh5.10.0.p0.41/lib/spark/python/:/opt/cloudera/parcels/CDH-5.10.0-1.cdh5.10.0.p0.41/lib/spark/python/lib/py4j-0.9-src.zip:/opt/cloudera/parcels/CDH-5.10.0-1.cdh5.10.0.p0.41/lib/spark/bin:/opt/cloudera/parcels/CDH-5.10.0-1.cdh5.10.0.p0.41/bin:/opt/cloudera/parcels/CDH-5.10.0-1.cdh5.10.0.p0.41/lib/hadoop/bin:/usr/java/jdk1.7.0_67-cloudera/bin:/usr/java/jdk1.7.0_67-cloudera/jre/bin:/usr/local/TSCMSS:/usr/lib64/qt-3.3/bin:/usr/kerberos/sbin:/usr/kerberos/bin:/usr/local/bin:/bin:/usr/bin:/usr/local/sbin:/usr/sbin:/sbin:.:.:.:/usr/local/maven3/bin:.:.:.:.:.:.:/home/xc/bin
LD_LIBRARY_PATH=/opt/pycharm-community-2017.2/bin:
SHELL=/bin/bash
DISPLAY=:1.0

Signal Handlers:
SIGSEGV: [libjvm.so+0x99f4a0], sa_mask[0]=0x7ffbfeff, sa_flags=0x10000004
SIGBUS: [libjvm.so+0x99f4a0], sa_mask[0]=0x7ffbfeff, sa_flags=0x10000004
SIGFPE: [libjvm.so+0x81a860], sa_mask[0]=0x7ffbfeff, sa_flags=0x10000004
SIGPIPE: [libjvm.so+0x81a860], sa_mask[0]=0x7ffbfeff, sa_flags=0x10000004
SIGXFSZ: [libjvm.so+0x81a860], sa_mask[0]=0x7ffbfeff, sa_flags=0x10000004
SIGILL: [libjvm.so+0x81a860], sa_mask[0]=0x7ffbfeff, sa_flags=0x10000004
SIGUSR1: SIG_DFL, sa_mask[0]=0x00000000, sa_flags=0x00000000
SIGUSR2: [libjvm.so+0x81c060], sa_mask[0]=0x00000004, sa_flags=0x10000004
SIGHUP: [libjvm.so+0x81d160], sa_mask[0]=0x7ffbfeff, sa_flags=0x10000004
SIGINT: [libjvm.so+0x81d160], sa_mask[0]=0x7ffbfeff, sa_flags=0x10000004
SIGTERM: [libjvm.so+0x81d160], sa_mask[0]=0x7ffbfeff, sa_flags=0x10000004
SIGQUIT: [libjvm.so+0x81d160], sa_mask[0]=0x7ffbfeff, sa_flags=0x10000004


---------------  S Y S T E M  ---------------

OS:CentOS release 6.2 (Final)

uname:Linux 2.6.32-220.el6.x86_64 #1 SMP Tue Dec 6 19:48:22 GMT 2011 x86_64
libc:glibc 2.12 NPTL 2.12 
rlimit: STACK infinity, CORE 0k, NPROC 1024, NOFILE 200000, AS infinity
load average:0.20 0.43 0.29

/proc/meminfo:
MemTotal:       32856700 kB
MemFree:          592580 kB
Buffers:          201736 kB
Cached:         14933784 kB
SwapCached:            0 kB
Active:         21514696 kB
Inactive:        9506048 kB
Active(anon):   14979592 kB
Inactive(anon):  1628940 kB
Active(file):    6535104 kB
Inactive(file):  7877108 kB
Unevictable:       12800 kB
Mlocked:            4624 kB
SwapTotal:      32767992 kB
SwapFree:       32767992 kB
Dirty:              2648 kB
Writeback:             0 kB
AnonPages:      15898452 kB
Mapped:           406168 kB
Shmem:            721208 kB
Slab:             639968 kB
SReclaimable:     529624 kB
SUnreclaim:       110344 kB
KernelStack:       25248 kB
PageTables:        79896 kB
NFS_Unstable:          0 kB
Bounce:                0 kB
WritebackTmp:          0 kB
CommitLimit:    49196340 kB
Committed_AS:   36934732 kB
VmallocTotal:   34359738367 kB
VmallocUsed:      343740 kB
VmallocChunk:   34340897272 kB
HardwareCorrupted:     0 kB
AnonHugePages:   1073152 kB
HugePages_Total:       0
HugePages_Free:        0
HugePages_Rsvd:        0
HugePages_Surp:        0
Hugepagesize:       2048 kB
DirectMap4k:        6144 kB
DirectMap2M:     2082816 kB
DirectMap1G:    31457280 kB


CPU:total 12 (6 cores per cpu, 2 threads per core) family 6 model 45 stepping 7, cmov, cx8, fxsr, mmx, sse, sse2, sse3, ssse3, sse4.1, sse4.2, popcnt, avx, aes, ht, tsc, tscinvbit, tscinv

/proc/cpuinfo:
processor	: 0
vendor_id	: GenuineIntel
cpu family	: 6
model		: 45
model name	: Intel(R) Xeon(R) CPU E5-2620 0 @ 2.00GHz
stepping	: 7
cpu MHz		: 1200.000
cache size	: 15360 KB
physical id	: 0
siblings	: 6
core id		: 0
cpu cores	: 6
apicid		: 0
initial apicid	: 0
fpu		: yes
fpu_exception	: yes
cpuid level	: 13
wp		: yes
flags		: fpu vme de pse tsc msr pae mce cx8 apic mtrr pge mca cmov pat pse36 clflush dts acpi mmx fxsr sse sse2 ss ht tm pbe syscall nx pdpe1gb rdtscp lm constant_tsc arch_perfmon pebs bts rep_good xtopology nonstop_tsc aperfmperf pni pclmulqdq dtes64 monitor ds_cpl vmx smx est tm2 ssse3 cx16 xtpr pdcm dca sse4_1 sse4_2 x2apic popcnt aes xsave avx lahf_lm ida arat epb xsaveopt pln pts dts tpr_shadow vnmi flexpriority ept vpid
bogomips	: 3999.22
clflush size	: 64
cache_alignment	: 64
address sizes	: 46 bits physical, 48 bits virtual
power management:

processor	: 1
vendor_id	: GenuineIntel
cpu family	: 6
model		: 45
model name	: Intel(R) Xeon(R) CPU E5-2620 0 @ 2.00GHz
stepping	: 7
cpu MHz		: 2001.000
cache size	: 15360 KB
physical id	: 0
siblings	: 6
core id		: 1
cpu cores	: 6
apicid		: 2
initial apicid	: 2
fpu		: yes
fpu_exception	: yes
cpuid level	: 13
wp		: yes
flags		: fpu vme de pse tsc msr pae mce cx8 apic mtrr pge mca cmov pat pse36 clflush dts acpi mmx fxsr sse sse2 ss ht tm pbe syscall nx pdpe1gb rdtscp lm constant_tsc arch_perfmon pebs bts rep_good xtopology nonstop_tsc aperfmperf pni pclmulqdq dtes64 monitor ds_cpl vmx smx est tm2 ssse3 cx16 xtpr pdcm dca sse4_1 sse4_2 x2apic popcnt aes xsave avx lahf_lm ida arat epb xsaveopt pln pts dts tpr_shadow vnmi flexpriority ept vpid
bogomips	: 3999.39
clflush size	: 64
cache_alignment	: 64
address sizes	: 46 bits physical, 48 bits virtual
power management:

processor	: 2
vendor_id	: GenuineIntel
cpu family	: 6
model		: 45
model name	: Intel(R) Xeon(R) CPU E5-2620 0 @ 2.00GHz
stepping	: 7
cpu MHz		: 1200.000
cache size	: 15360 KB
physical id	: 0
siblings	: 6
core id		: 2
cpu cores	: 6
apicid		: 4
initial apicid	: 4
fpu		: yes
fpu_exception	: yes
cpuid level	: 13
wp		: yes
flags		: fpu vme de pse tsc msr pae mce cx8 apic mtrr pge mca cmov pat pse36 clflush dts acpi mmx fxsr sse sse2 ss ht tm pbe syscall nx pdpe1gb rdtscp lm constant_tsc arch_perfmon pebs bts rep_good xtopology nonstop_tsc aperfmperf pni pclmulqdq dtes64 monitor ds_cpl vmx smx est tm2 ssse3 cx16 xtpr pdcm dca sse4_1 sse4_2 x2apic popcnt aes xsave avx lahf_lm ida arat epb xsaveopt pln pts dts tpr_shadow vnmi flexpriority ept vpid
bogomips	: 3999.40
clflush size	: 64
cache_alignment	: 64
address sizes	: 46 bits physical, 48 bits virtual
power management:

processor	: 3
vendor_id	: GenuineIntel
cpu family	: 6
model		: 45
model name	: Intel(R) Xeon(R) CPU E5-2620 0 @ 2.00GHz
stepping	: 7
cpu MHz		: 1200.000
cache size	: 15360 KB
physical id	: 0
siblings	: 6
core id		: 3
cpu cores	: 6
apicid		: 6
initial apicid	: 6
fpu		: yes
fpu_exception	: yes
cpuid level	: 13
wp		: yes
flags		: fpu vme de pse tsc msr pae mce cx8 apic mtrr pge mca cmov pat pse36 clflush dts acpi mmx fxsr sse sse2 ss ht tm pbe syscall nx pdpe1gb rdtscp lm constant_tsc arch_perfmon pebs bts rep_good xtopology nonstop_tsc aperfmperf pni pclmulqdq dtes64 monitor ds_cpl vmx smx est tm2 ssse3 cx16 xtpr pdcm dca sse4_1 sse4_2 x2apic popcnt aes xsave avx lahf_lm ida arat epb xsaveopt pln pts dts tpr_shadow vnmi flexpriority ept vpid
bogomips	: 3999.40
clflush size	: 64
cache_alignment	: 64
address sizes	: 46 bits physical, 48 bits virtual
power management:

processor	: 4
vendor_id	: GenuineIntel
cpu family	: 6
model		: 45
model name	: Intel(R) Xeon(R) CPU E5-2620 0 @ 2.00GHz
stepping	: 7
cpu MHz		: 1200.000
cache size	: 15360 KB
physical id	: 0
siblings	: 6
core id		: 4
cpu cores	: 6
apicid		: 8
initial apicid	: 8
fpu		: yes
fpu_exception	: yes
cpuid level	: 13
wp		: yes
flags		: fpu vme de pse tsc msr pae mce cx8 apic mtrr pge mca cmov pat pse36 clflush dts acpi mmx fxsr sse sse2 ss ht tm pbe syscall nx pdpe1gb rdtscp lm constant_tsc arch_perfmon pebs bts rep_good xtopology nonstop_tsc aperfmperf pni pclmulqdq dtes64 monitor ds_cpl vmx smx est tm2 ssse3 cx16 xtpr pdcm dca sse4_1 sse4_2 x2apic popcnt aes xsave avx lahf_lm ida arat epb xsaveopt pln pts dts tpr_shadow vnmi flexpriority ept vpid
bogomips	: 3999.40
clflush size	: 64
cache_alignment	: 64
address sizes	: 46 bits physical, 48 bits virtual
power management:

processor	: 5
vendor_id	: GenuineIntel
cpu family	: 6
model		: 45
model name	: Intel(R) Xeon(R) CPU E5-2620 0 @ 2.00GHz
stepping	: 7
cpu MHz		: 1200.000
cache size	: 15360 KB
physical id	: 0
siblings	: 6
core id		: 5
cpu cores	: 6
apicid		: 10
initial apicid	: 10
fpu		: yes
fpu_exception	: yes
cpuid level	: 13
wp		: yes
flags		: fpu vme de pse tsc msr pae mce cx8 apic mtrr pge mca cmov pat pse36 clflush dts acpi mmx fxsr sse sse2 ss ht tm pbe syscall nx pdpe1gb rdtscp lm constant_tsc arch_perfmon pebs bts rep_good xtopology nonstop_tsc aperfmperf pni pclmulqdq dtes64 monitor ds_cpl vmx smx est tm2 ssse3 cx16 xtpr pdcm dca sse4_1 sse4_2 x2apic popcnt aes xsave avx lahf_lm ida arat epb xsaveopt pln pts dts tpr_shadow vnmi flexpriority ept vpid
bogomips	: 3999.40
clflush size	: 64
cache_alignment	: 64
address sizes	: 46 bits physical, 48 bits virtual
power management:

processor	: 6
vendor_id	: GenuineIntel
cpu family	: 6
model		: 45
model name	: Intel(R) Xeon(R) CPU E5-2620 0 @ 2.00GHz
stepping	: 7
cpu MHz		: 1200.000
cache size	: 15360 KB
physical id	: 1
siblings	: 6
core id		: 0
cpu cores	: 6
apicid		: 32
initial apicid	: 32
fpu		: yes
fpu_exception	: yes
cpuid level	: 13
wp		: yes
flags		: fpu vme de pse tsc msr pae mce cx8 apic mtrr pge mca cmov pat pse36 clflush dts acpi mmx fxsr sse sse2 ss ht tm pbe syscall nx pdpe1gb rdtscp lm constant_tsc arch_perfmon pebs bts rep_good xtopology nonstop_tsc aperfmperf pni pclmulqdq dtes64 monitor ds_cpl vmx smx est tm2 ssse3 cx16 xtpr pdcm dca sse4_1 sse4_2 x2apic popcnt aes xsave avx lahf_lm ida arat epb xsaveopt pln pts dts tpr_shadow vnmi flexpriority ept vpid
bogomips	: 3999.44
clflush size	: 64
cache_alignment	: 64
address sizes	: 46 bits physical, 48 bits virtual
power management:

processor	: 7
vendor_id	: GenuineIntel
cpu family	: 6
model		: 45
model name	: Intel(R) Xeon(R) CPU E5-2620 0 @ 2.00GHz
stepping	: 7
cpu MHz		: 1200.000
cache size	: 15360 KB
physical id	: 1
siblings	: 6
core id		: 1
cpu cores	: 6
apicid		: 34
initial apicid	: 34
fpu		: yes
fpu_exception	: yes
cpuid level	: 13
wp		: yes
flags		: fpu vme de pse tsc msr pae mce cx8 apic mtrr pge mca cmov pat pse36 clflush dts acpi mmx fxsr sse sse2 ss ht tm pbe syscall nx pdpe1gb rdtscp lm constant_tsc arch_perfmon pebs bts rep_good xtopology nonstop_tsc aperfmperf pni pclmulqdq dtes64 monitor ds_cpl vmx smx est tm2 ssse3 cx16 xtpr pdcm dca sse4_1 sse4_2 x2apic popcnt aes xsave avx lahf_lm ida arat epb xsaveopt pln pts dts tpr_shadow vnmi flexpriority ept vpid
bogomips	: 3999.44
clflush size	: 64
cache_alignment	: 64
address sizes	: 46 bits physical, 48 bits virtual
power management:

processor	: 8
vendor_id	: GenuineIntel
cpu family	: 6
model		: 45
model name	: Intel(R) Xeon(R) CPU E5-2620 0 @ 2.00GHz
stepping	: 7
cpu MHz		: 2001.000
cache size	: 15360 KB
physical id	: 1
siblings	: 6
core id		: 2
cpu cores	: 6
apicid		: 36
initial apicid	: 36
fpu		: yes
fpu_exception	: yes
cpuid level	: 13
wp		: yes
flags		: fpu vme de pse tsc msr pae mce cx8 apic mtrr pge mca cmov pat pse36 clflush dts acpi mmx fxsr sse sse2 ss ht tm pbe syscall nx pdpe1gb rdtscp lm constant_tsc arch_perfmon pebs bts rep_good xtopology nonstop_tsc aperfmperf pni pclmulqdq dtes64 monitor ds_cpl vmx smx est tm2 ssse3 cx16 xtpr pdcm dca sse4_1 sse4_2 x2apic popcnt aes xsave avx lahf_lm ida arat epb xsaveopt pln pts dts tpr_shadow vnmi flexpriority ept vpid
bogomips	: 3999.48
clflush size	: 64
cache_alignment	: 64
address sizes	: 46 bits physical, 48 bits virtual
power management:

processor	: 9
vendor_id	: GenuineIntel
cpu family	: 6
model		: 45
model name	: Intel(R) Xeon(R) CPU E5-2620 0 @ 2.00GHz
stepping	: 7
cpu MHz		: 1200.000
cache size	: 15360 KB
physical id	: 1
siblings	: 6
core id		: 3
cpu cores	: 6
apicid		: 38
initial apicid	: 38
fpu		: yes
fpu_exception	: yes
cpuid level	: 13
wp		: yes
flags		: fpu vme de pse tsc msr pae mce cx8 apic mtrr pge mca cmov pat pse36 clflush dts acpi mmx fxsr sse sse2 ss ht tm pbe syscall nx pdpe1gb rdtscp lm constant_tsc arch_perfmon pebs bts rep_good xtopology nonstop_tsc aperfmperf pni pclmulqdq dtes64 monitor ds_cpl vmx smx est tm2 ssse3 cx16 xtpr pdcm dca sse4_1 sse4_2 x2apic popcnt aes xsave avx lahf_lm ida arat epb xsaveopt pln pts dts tpr_shadow vnmi flexpriority ept vpid
bogomips	: 3999.46
clflush size	: 64
cache_alignment	: 64
address sizes	: 46 bits physical, 48 bits virtual
power management:

processor	: 10
vendor_id	: GenuineIntel
cpu family	: 6
model		: 45
model name	: Intel(R) Xeon(R) CPU E5-2620 0 @ 2.00GHz
stepping	: 7
cpu MHz		: 1200.000
cache size	: 15360 KB
physical id	: 1
siblings	: 6
core id		: 4
cpu cores	: 6
apicid		: 40
initial apicid	: 40
fpu		: yes
fpu_exception	: yes
cpuid level	: 13
wp		: yes
flags		: fpu vme de pse tsc msr pae mce cx8 apic mtrr pge mca cmov pat pse36 clflush dts acpi mmx fxsr sse sse2 ss ht tm pbe syscall nx pdpe1gb rdtscp lm constant_tsc arch_perfmon pebs bts rep_good xtopology nonstop_tsc aperfmperf pni pclmulqdq dtes64 monitor ds_cpl vmx smx est tm2 ssse3 cx16 xtpr pdcm dca sse4_1 sse4_2 x2apic popcnt aes xsave avx lahf_lm ida arat epb xsaveopt pln pts dts tpr_shadow vnmi flexpriority ept vpid
bogomips	: 3999.44
clflush size	: 64
cache_alignment	: 64
address sizes	: 46 bits physical, 48 bits virtual
power management:

processor	: 11
vendor_id	: GenuineIntel
cpu family	: 6
model		: 45
model name	: Intel(R) Xeon(R) CPU E5-2620 0 @ 2.00GHz
stepping	: 7
cpu MHz		: 1200.000
cache size	: 15360 KB
physical id	: 1
siblings	: 6
core id		: 5
cpu cores	: 6
apicid		: 42
initial apicid	: 42
fpu		: yes
fpu_exception	: yes
cpuid level	: 13
wp		: yes
flags		: fpu vme de pse tsc msr pae mce cx8 apic mtrr pge mca cmov pat pse36 clflush dts acpi mmx fxsr sse sse2 ss ht tm pbe syscall nx pdpe1gb rdtscp lm constant_tsc arch_perfmon pebs bts rep_good xtopology nonstop_tsc aperfmperf pni pclmulqdq dtes64 monitor ds_cpl vmx smx est tm2 ssse3 cx16 xtpr pdcm dca sse4_1 sse4_2 x2apic popcnt aes xsave avx lahf_lm ida arat epb xsaveopt pln pts dts tpr_shadow vnmi flexpriority ept vpid
bogomips	: 3999.44
clflush size	: 64
cache_alignment	: 64
address sizes	: 46 bits physical, 48 bits virtual
power management:



Memory: 4k page, physical 32856700k(592580k free), swap 32767992k(32767992k free)

vm_info: Java HotSpot(TM) 64-Bit Server VM (24.65-b04) for linux-amd64 JRE (1.7.0_67-b01), built on Jul 25 2014 09:20:21 by "java_re" with gcc 4.3.0 20080428 (Red Hat 4.3.0-8)

time: Wed Nov 29 17:57:02 2017
elapsed time: 31 seconds

